INFO buildroot.py:350:  Mock Version: 1.4.13
DEBUG util.py:116:  ensuring that dir exists: /var/lib/mock/rhel8-aarch64-u7-ol8_package.pipeline-6546/root/dev/pts
DEBUG util.py:119:  creating dir: /var/lib/mock/rhel8-aarch64-u7-ol8_package.pipeline-6546/root/dev/pts
DEBUG util.py:116:  ensuring that dir exists: /var/lib/mock/rhel8-aarch64-u7-ol8_package.pipeline-6546/root/dev/shm
DEBUG util.py:119:  creating dir: /var/lib/mock/rhel8-aarch64-u7-ol8_package.pipeline-6546/root/dev/shm
DEBUG buildroot.py:481:  kernel version == 5.4.17-2136.310.7.1.el8uek.aarch64
DEBUG util.py:129:  touching file: /var/lib/mock/rhel8-aarch64-u7-ol8_package.pipeline-6546/root/etc/fstab
DEBUG util.py:129:  touching file: /var/lib/mock/rhel8-aarch64-u7-ol8_package.pipeline-6546/root/etc/yum/yum.conf
DEBUG util.py:129:  touching file: /var/lib/mock/rhel8-aarch64-u7-ol8_package.pipeline-6546/root/etc/dnf/dnf.conf
DEBUG util.py:129:  touching file: /var/lib/mock/rhel8-aarch64-u7-ol8_package.pipeline-6546/root/var/log/yum.log
DEBUG util.py:116:  ensuring that dir exists: /var/lib/mock/rhel8-aarch64-u7-ol8_package.pipeline-6546/root/proc
DEBUG util.py:664:  child environment: None
DEBUG util.py:590:  Executing command: ['/bin/mount', '-n', '-t', 'proc', 'proc', '/var/lib/mock/rhel8-aarch64-u7-ol8_package.pipeline-6546/root/proc'] with env {'TERM': 'vt100', 'SHELL': '/bin/sh', 'HOME': '/builddir', 'HOSTNAME': 'mock', 'PATH': '/usr/bin:/bin:/usr/sbin:/sbin', 'LANG': 'en_US.UTF-8'} and shell False
DEBUG util.py:645:  Child return code was: 0
DEBUG util.py:116:  ensuring that dir exists: /var/lib/mock/rhel8-aarch64-u7-ol8_package.pipeline-6546/root/sys
DEBUG util.py:664:  child environment: None
DEBUG util.py:590:  Executing command: ['/bin/mount', '-n', '-t', 'sysfs', 'sysfs', '/var/lib/mock/rhel8-aarch64-u7-ol8_package.pipeline-6546/root/sys'] with env {'TERM': 'vt100', 'SHELL': '/bin/sh', 'HOME': '/builddir', 'HOSTNAME': 'mock', 'PATH': '/usr/bin:/bin:/usr/sbin:/sbin', 'LANG': 'en_US.UTF-8'} and shell False
DEBUG util.py:645:  Child return code was: 0
DEBUG util.py:116:  ensuring that dir exists: /var/lib/mock/rhel8-aarch64-u7-ol8_package.pipeline-6546/root/dev/shm
DEBUG util.py:664:  child environment: None
DEBUG util.py:590:  Executing command: ['/bin/mount', '-n', '-t', 'tmpfs', 'tmpfs', '/var/lib/mock/rhel8-aarch64-u7-ol8_package.pipeline-6546/root/dev/shm'] with env {'TERM': 'vt100', 'SHELL': '/bin/sh', 'HOME': '/builddir', 'HOSTNAME': 'mock', 'PATH': '/usr/bin:/bin:/usr/sbin:/sbin', 'LANG': 'en_US.UTF-8'} and shell False
DEBUG util.py:645:  Child return code was: 0
DEBUG util.py:116:  ensuring that dir exists: /var/lib/mock/rhel8-aarch64-u7-ol8_package.pipeline-6546/root/dev/pts
DEBUG util.py:664:  child environment: None
DEBUG util.py:590:  Executing command: ['/bin/mount', '-n', '-t', 'devpts', '-o', 'gid=5,mode=0620,ptmxmode=0666,newinstance', 'devpts', '/var/lib/mock/rhel8-aarch64-u7-ol8_package.pipeline-6546/root/dev/pts'] with env {'TERM': 'vt100', 'SHELL': '/bin/sh', 'HOME': '/builddir', 'HOSTNAME': 'mock', 'PATH': '/usr/bin:/bin:/usr/sbin:/sbin', 'LANG': 'en_US.UTF-8'} and shell False
DEBUG util.py:645:  Child return code was: 0
DEBUG util.py:116:  ensuring that dir exists: /var/lib/mock/rhel8-aarch64-u7-ol8_package.pipeline-6546/root/var/cache/yum/
DEBUG util.py:664:  child environment: None
DEBUG util.py:590:  Executing command: ['/bin/mount', '-n', '--bind', '/var/cache/mock/rhel8-aarch64-u7/yum_cache/', '/var/lib/mock/rhel8-aarch64-u7-ol8_package.pipeline-6546/root/var/cache/yum/'] with env {'TERM': 'vt100', 'SHELL': '/bin/sh', 'HOME': '/builddir', 'HOSTNAME': 'mock', 'PATH': '/usr/bin:/bin:/usr/sbin:/sbin', 'LANG': 'en_US.UTF-8'} and shell False
DEBUG util.py:645:  Child return code was: 0
DEBUG buildroot.py:143:  rootdir = /var/lib/mock/rhel8-aarch64-u7-ol8_package.pipeline-6546/root
DEBUG buildroot.py:144:  resultdir = result/aarch64
DEBUG util.py:116:  ensuring that dir exists: /var/lib/mock/rhel8-aarch64-u7-ol8_package.pipeline-6546/root/etc/pki/mock
DEBUG util.py:116:  ensuring that dir exists: /var/lib/mock/rhel8-aarch64-u7-ol8_package.pipeline-6546/root/etc/yum/pluginconf.d.real
DEBUG package_manager.py:256:  configure yum
DEBUG package_manager.py:268:  configure yum priorities
DEBUG package_manager.py:270:  configure yum rhnplugin
DEBUG util.py:664:  child environment: None
DEBUG util.py:590:  Executing command: ['/usr/sbin/usermod', '-u', '1039', '--non-unique', 'mockbuild'] with env {'TERM': 'vt100', 'SHELL': '/bin/bash', 'HOME': '/builddir', 'HOSTNAME': 'mock', 'PATH': '/usr/bin:/bin:/usr/sbin:/sbin', 'PROMPT_COMMAND': 'printf "\\033]0;<mock-chroot>\\007"', 'PS1': '<mock-chroot> \\s-\\v\\$ ', 'LANG': 'en_US.UTF-8'} and shell False
DEBUG util.py:336:  Unsharing. Flags: 134217728
DEBUG util.py:501:  BUILDSTDERR: usermod: no changes
DEBUG util.py:645:  Child return code was: 0
DEBUG util.py:129:  touching file: /var/lib/mock/rhel8-aarch64-u7-ol8_package.pipeline-6546/root/.initialized
DEBUG util.py:239:  kill orphans
DEBUG util.py:664:  child environment: None
DEBUG util.py:590:  Executing command: ['/bin/umount', '-n', '/var/lib/mock/rhel8-aarch64-u7-ol8_package.pipeline-6546/root/var/cache/yum/'] with env {'TERM': 'vt100', 'SHELL': '/bin/sh', 'HOME': '/builddir', 'HOSTNAME': 'mock', 'PATH': '/usr/bin:/bin:/usr/sbin:/sbin', 'LANG': 'en_US.UTF-8'} and shell False
DEBUG util.py:645:  Child return code was: 0
DEBUG util.py:664:  child environment: None
DEBUG util.py:590:  Executing command: ['/bin/umount', '-n', '-l', '/var/lib/mock/rhel8-aarch64-u7-ol8_package.pipeline-6546/root/dev/pts'] with env {'TERM': 'vt100', 'SHELL': '/bin/sh', 'HOME': '/builddir', 'HOSTNAME': 'mock', 'PATH': '/usr/bin:/bin:/usr/sbin:/sbin', 'LANG': 'en_US.UTF-8'} and shell False
DEBUG util.py:645:  Child return code was: 0
DEBUG util.py:664:  child environment: None
DEBUG util.py:590:  Executing command: ['/bin/umount', '-n', '-l', '/var/lib/mock/rhel8-aarch64-u7-ol8_package.pipeline-6546/root/dev/shm'] with env {'TERM': 'vt100', 'SHELL': '/bin/sh', 'HOME': '/builddir', 'HOSTNAME': 'mock', 'PATH': '/usr/bin:/bin:/usr/sbin:/sbin', 'LANG': 'en_US.UTF-8'} and shell False
DEBUG util.py:645:  Child return code was: 0
DEBUG util.py:664:  child environment: None
DEBUG util.py:590:  Executing command: ['/bin/umount', '-n', '-l', '/var/lib/mock/rhel8-aarch64-u7-ol8_package.pipeline-6546/root/sys'] with env {'TERM': 'vt100', 'SHELL': '/bin/sh', 'HOME': '/builddir', 'HOSTNAME': 'mock', 'PATH': '/usr/bin:/bin:/usr/sbin:/sbin', 'LANG': 'en_US.UTF-8'} and shell False
DEBUG util.py:645:  Child return code was: 0
DEBUG util.py:664:  child environment: None
DEBUG util.py:590:  Executing command: ['/bin/umount', '-n', '-l', '/var/lib/mock/rhel8-aarch64-u7-ol8_package.pipeline-6546/root/proc'] with env {'TERM': 'vt100', 'SHELL': '/bin/sh', 'HOME': '/builddir', 'HOSTNAME': 'mock', 'PATH': '/usr/bin:/bin:/usr/sbin:/sbin', 'LANG': 'en_US.UTF-8'} and shell False
DEBUG util.py:645:  Child return code was: 0
INFO buildroot.py:350:  Mock Version: 1.4.13
DEBUG util.py:116:  ensuring that dir exists: /var/lib/mock/rhel8-aarch64-u7-ol8_package.pipeline-6546/root/dev/pts
DEBUG util.py:116:  ensuring that dir exists: /var/lib/mock/rhel8-aarch64-u7-ol8_package.pipeline-6546/root/dev/shm
DEBUG buildroot.py:481:  kernel version == 5.4.17-2136.310.7.1.el8uek.aarch64
DEBUG util.py:129:  touching file: /var/lib/mock/rhel8-aarch64-u7-ol8_package.pipeline-6546/root/etc/fstab
DEBUG util.py:129:  touching file: /var/lib/mock/rhel8-aarch64-u7-ol8_package.pipeline-6546/root/etc/yum/yum.conf
DEBUG util.py:129:  touching file: /var/lib/mock/rhel8-aarch64-u7-ol8_package.pipeline-6546/root/etc/dnf/dnf.conf
DEBUG util.py:129:  touching file: /var/lib/mock/rhel8-aarch64-u7-ol8_package.pipeline-6546/root/var/log/yum.log
DEBUG util.py:116:  ensuring that dir exists: /var/lib/mock/rhel8-aarch64-u7-ol8_package.pipeline-6546/root/proc
DEBUG util.py:664:  child environment: None
DEBUG util.py:590:  Executing command: ['/bin/mount', '-n', '-t', 'proc', 'proc', '/var/lib/mock/rhel8-aarch64-u7-ol8_package.pipeline-6546/root/proc'] with env {'TERM': 'vt100', 'SHELL': '/bin/sh', 'HOME': '/builddir', 'HOSTNAME': 'mock', 'PATH': '/usr/bin:/bin:/usr/sbin:/sbin', 'LANG': 'en_US.UTF-8'} and shell False
DEBUG util.py:645:  Child return code was: 0
DEBUG util.py:116:  ensuring that dir exists: /var/lib/mock/rhel8-aarch64-u7-ol8_package.pipeline-6546/root/sys
DEBUG util.py:664:  child environment: None
DEBUG util.py:590:  Executing command: ['/bin/mount', '-n', '-t', 'sysfs', 'sysfs', '/var/lib/mock/rhel8-aarch64-u7-ol8_package.pipeline-6546/root/sys'] with env {'TERM': 'vt100', 'SHELL': '/bin/sh', 'HOME': '/builddir', 'HOSTNAME': 'mock', 'PATH': '/usr/bin:/bin:/usr/sbin:/sbin', 'LANG': 'en_US.UTF-8'} and shell False
DEBUG util.py:645:  Child return code was: 0
DEBUG util.py:116:  ensuring that dir exists: /var/lib/mock/rhel8-aarch64-u7-ol8_package.pipeline-6546/root/dev/shm
DEBUG util.py:664:  child environment: None
DEBUG util.py:590:  Executing command: ['/bin/mount', '-n', '-t', 'tmpfs', 'tmpfs', '/var/lib/mock/rhel8-aarch64-u7-ol8_package.pipeline-6546/root/dev/shm'] with env {'TERM': 'vt100', 'SHELL': '/bin/sh', 'HOME': '/builddir', 'HOSTNAME': 'mock', 'PATH': '/usr/bin:/bin:/usr/sbin:/sbin', 'LANG': 'en_US.UTF-8'} and shell False
DEBUG util.py:645:  Child return code was: 0
DEBUG util.py:116:  ensuring that dir exists: /var/lib/mock/rhel8-aarch64-u7-ol8_package.pipeline-6546/root/dev/pts
DEBUG util.py:664:  child environment: None
DEBUG util.py:590:  Executing command: ['/bin/mount', '-n', '-t', 'devpts', '-o', 'gid=5,mode=0620,ptmxmode=0666,newinstance', 'devpts', '/var/lib/mock/rhel8-aarch64-u7-ol8_package.pipeline-6546/root/dev/pts'] with env {'TERM': 'vt100', 'SHELL': '/bin/sh', 'HOME': '/builddir', 'HOSTNAME': 'mock', 'PATH': '/usr/bin:/bin:/usr/sbin:/sbin', 'LANG': 'en_US.UTF-8'} and shell False
DEBUG util.py:645:  Child return code was: 0
DEBUG util.py:116:  ensuring that dir exists: /var/lib/mock/rhel8-aarch64-u7-ol8_package.pipeline-6546/root/var/cache/yum/
DEBUG util.py:664:  child environment: None
DEBUG util.py:590:  Executing command: ['/bin/mount', '-n', '--bind', '/var/cache/mock/rhel8-aarch64-u7/yum_cache/', '/var/lib/mock/rhel8-aarch64-u7-ol8_package.pipeline-6546/root/var/cache/yum/'] with env {'TERM': 'vt100', 'SHELL': '/bin/sh', 'HOME': '/builddir', 'HOSTNAME': 'mock', 'PATH': '/usr/bin:/bin:/usr/sbin:/sbin', 'LANG': 'en_US.UTF-8'} and shell False
DEBUG util.py:645:  Child return code was: 0
DEBUG buildroot.py:143:  rootdir = /var/lib/mock/rhel8-aarch64-u7-ol8_package.pipeline-6546/root
DEBUG buildroot.py:144:  resultdir = result/aarch64
DEBUG util.py:116:  ensuring that dir exists: /var/lib/mock/rhel8-aarch64-u7-ol8_package.pipeline-6546/root/etc/pki/mock
DEBUG util.py:116:  ensuring that dir exists: /var/lib/mock/rhel8-aarch64-u7-ol8_package.pipeline-6546/root/etc/yum/pluginconf.d.real
DEBUG package_manager.py:256:  configure yum
DEBUG package_manager.py:268:  configure yum priorities
DEBUG package_manager.py:270:  configure yum rhnplugin
DEBUG util.py:664:  child environment: None
DEBUG util.py:590:  Executing command: ['/usr/sbin/usermod', '-u', '1039', '--non-unique', 'mockbuild'] with env {'TERM': 'vt100', 'SHELL': '/bin/bash', 'HOME': '/builddir', 'HOSTNAME': 'mock', 'PATH': '/usr/bin:/bin:/usr/sbin:/sbin', 'PROMPT_COMMAND': 'printf "\\033]0;<mock-chroot>\\007"', 'PS1': '<mock-chroot> \\s-\\v\\$ ', 'LANG': 'en_US.UTF-8'} and shell False
DEBUG util.py:336:  Unsharing. Flags: 134217728
DEBUG util.py:501:  BUILDSTDERR: usermod: no changes
DEBUG util.py:645:  Child return code was: 0
DEBUG util.py:129:  touching file: /var/lib/mock/rhel8-aarch64-u7-ol8_package.pipeline-6546/root/.initialized
INFO backend.py:349:  Running in chroot: ['rpm', '--rebuilddb']
DEBUG util.py:664:  child environment: None
DEBUG util.py:590:  Executing command: ['rpm', '--rebuilddb'] with env {'TERM': 'vt100', 'SHELL': '/bin/bash', 'HOME': '/builddir', 'HOSTNAME': 'mock', 'PATH': '/usr/bin:/bin:/usr/sbin:/sbin', 'PROMPT_COMMAND': 'printf "\\033]0;<mock-chroot>\\007"', 'PS1': '<mock-chroot> \\s-\\v\\$ ', 'LANG': 'en_US.UTF-8'} and shell False
DEBUG util.py:336:  Unsharing. Flags: 134217728
DEBUG util.py:645:  Child return code was: 0
DEBUG util.py:239:  kill orphans
DEBUG util.py:664:  child environment: None
DEBUG util.py:590:  Executing command: ['/bin/umount', '-n', '/var/lib/mock/rhel8-aarch64-u7-ol8_package.pipeline-6546/root/var/cache/yum/'] with env {'TERM': 'vt100', 'SHELL': '/bin/sh', 'HOME': '/builddir', 'HOSTNAME': 'mock', 'PATH': '/usr/bin:/bin:/usr/sbin:/sbin', 'LANG': 'en_US.UTF-8'} and shell False
DEBUG util.py:645:  Child return code was: 0
DEBUG util.py:664:  child environment: None
DEBUG util.py:590:  Executing command: ['/bin/umount', '-n', '-l', '/var/lib/mock/rhel8-aarch64-u7-ol8_package.pipeline-6546/root/dev/pts'] with env {'TERM': 'vt100', 'SHELL': '/bin/sh', 'HOME': '/builddir', 'HOSTNAME': 'mock', 'PATH': '/usr/bin:/bin:/usr/sbin:/sbin', 'LANG': 'en_US.UTF-8'} and shell False
DEBUG util.py:645:  Child return code was: 0
DEBUG util.py:664:  child environment: None
DEBUG util.py:590:  Executing command: ['/bin/umount', '-n', '-l', '/var/lib/mock/rhel8-aarch64-u7-ol8_package.pipeline-6546/root/dev/shm'] with env {'TERM': 'vt100', 'SHELL': '/bin/sh', 'HOME': '/builddir', 'HOSTNAME': 'mock', 'PATH': '/usr/bin:/bin:/usr/sbin:/sbin', 'LANG': 'en_US.UTF-8'} and shell False
DEBUG util.py:645:  Child return code was: 0
DEBUG util.py:664:  child environment: None
DEBUG util.py:590:  Executing command: ['/bin/umount', '-n', '-l', '/var/lib/mock/rhel8-aarch64-u7-ol8_package.pipeline-6546/root/sys'] with env {'TERM': 'vt100', 'SHELL': '/bin/sh', 'HOME': '/builddir', 'HOSTNAME': 'mock', 'PATH': '/usr/bin:/bin:/usr/sbin:/sbin', 'LANG': 'en_US.UTF-8'} and shell False
DEBUG util.py:645:  Child return code was: 0
DEBUG util.py:664:  child environment: None
DEBUG util.py:590:  Executing command: ['/bin/umount', '-n', '-l', '/var/lib/mock/rhel8-aarch64-u7-ol8_package.pipeline-6546/root/proc'] with env {'TERM': 'vt100', 'SHELL': '/bin/sh', 'HOME': '/builddir', 'HOSTNAME': 'mock', 'PATH': '/usr/bin:/bin:/usr/sbin:/sbin', 'LANG': 'en_US.UTF-8'} and shell False
DEBUG util.py:645:  Child return code was: 0
INFO buildroot.py:350:  Mock Version: 1.4.13
DEBUG util.py:116:  ensuring that dir exists: /var/lib/mock/rhel8-aarch64-u7-ol8_package.pipeline-6546/root/dev/pts
DEBUG util.py:116:  ensuring that dir exists: /var/lib/mock/rhel8-aarch64-u7-ol8_package.pipeline-6546/root/dev/shm
DEBUG buildroot.py:481:  kernel version == 5.4.17-2136.310.7.1.el8uek.aarch64
DEBUG util.py:129:  touching file: /var/lib/mock/rhel8-aarch64-u7-ol8_package.pipeline-6546/root/etc/fstab
DEBUG util.py:129:  touching file: /var/lib/mock/rhel8-aarch64-u7-ol8_package.pipeline-6546/root/etc/yum/yum.conf
DEBUG util.py:129:  touching file: /var/lib/mock/rhel8-aarch64-u7-ol8_package.pipeline-6546/root/etc/dnf/dnf.conf
DEBUG util.py:129:  touching file: /var/lib/mock/rhel8-aarch64-u7-ol8_package.pipeline-6546/root/var/log/yum.log
DEBUG util.py:116:  ensuring that dir exists: /var/lib/mock/rhel8-aarch64-u7-ol8_package.pipeline-6546/root/proc
DEBUG util.py:664:  child environment: None
DEBUG util.py:590:  Executing command: ['/bin/mount', '-n', '-t', 'proc', 'proc', '/var/lib/mock/rhel8-aarch64-u7-ol8_package.pipeline-6546/root/proc'] with env {'TERM': 'vt100', 'SHELL': '/bin/sh', 'HOME': '/builddir', 'HOSTNAME': 'mock', 'PATH': '/usr/bin:/bin:/usr/sbin:/sbin', 'LANG': 'en_US.UTF-8'} and shell False
DEBUG util.py:645:  Child return code was: 0
DEBUG util.py:116:  ensuring that dir exists: /var/lib/mock/rhel8-aarch64-u7-ol8_package.pipeline-6546/root/sys
DEBUG util.py:664:  child environment: None
DEBUG util.py:590:  Executing command: ['/bin/mount', '-n', '-t', 'sysfs', 'sysfs', '/var/lib/mock/rhel8-aarch64-u7-ol8_package.pipeline-6546/root/sys'] with env {'TERM': 'vt100', 'SHELL': '/bin/sh', 'HOME': '/builddir', 'HOSTNAME': 'mock', 'PATH': '/usr/bin:/bin:/usr/sbin:/sbin', 'LANG': 'en_US.UTF-8'} and shell False
DEBUG util.py:645:  Child return code was: 0
DEBUG util.py:116:  ensuring that dir exists: /var/lib/mock/rhel8-aarch64-u7-ol8_package.pipeline-6546/root/dev/shm
DEBUG util.py:664:  child environment: None
DEBUG util.py:590:  Executing command: ['/bin/mount', '-n', '-t', 'tmpfs', 'tmpfs', '/var/lib/mock/rhel8-aarch64-u7-ol8_package.pipeline-6546/root/dev/shm'] with env {'TERM': 'vt100', 'SHELL': '/bin/sh', 'HOME': '/builddir', 'HOSTNAME': 'mock', 'PATH': '/usr/bin:/bin:/usr/sbin:/sbin', 'LANG': 'en_US.UTF-8'} and shell False
DEBUG util.py:645:  Child return code was: 0
DEBUG util.py:116:  ensuring that dir exists: /var/lib/mock/rhel8-aarch64-u7-ol8_package.pipeline-6546/root/dev/pts
DEBUG util.py:664:  child environment: None
DEBUG util.py:590:  Executing command: ['/bin/mount', '-n', '-t', 'devpts', '-o', 'gid=5,mode=0620,ptmxmode=0666,newinstance', 'devpts', '/var/lib/mock/rhel8-aarch64-u7-ol8_package.pipeline-6546/root/dev/pts'] with env {'TERM': 'vt100', 'SHELL': '/bin/sh', 'HOME': '/builddir', 'HOSTNAME': 'mock', 'PATH': '/usr/bin:/bin:/usr/sbin:/sbin', 'LANG': 'en_US.UTF-8'} and shell False
DEBUG util.py:645:  Child return code was: 0
DEBUG util.py:116:  ensuring that dir exists: /var/lib/mock/rhel8-aarch64-u7-ol8_package.pipeline-6546/root/var/cache/yum/
DEBUG util.py:664:  child environment: None
DEBUG util.py:590:  Executing command: ['/bin/mount', '-n', '--bind', '/var/cache/mock/rhel8-aarch64-u7/yum_cache/', '/var/lib/mock/rhel8-aarch64-u7-ol8_package.pipeline-6546/root/var/cache/yum/'] with env {'TERM': 'vt100', 'SHELL': '/bin/sh', 'HOME': '/builddir', 'HOSTNAME': 'mock', 'PATH': '/usr/bin:/bin:/usr/sbin:/sbin', 'LANG': 'en_US.UTF-8'} and shell False
DEBUG util.py:645:  Child return code was: 0
DEBUG buildroot.py:143:  rootdir = /var/lib/mock/rhel8-aarch64-u7-ol8_package.pipeline-6546/root
DEBUG buildroot.py:144:  resultdir = result/aarch64
DEBUG util.py:116:  ensuring that dir exists: /var/lib/mock/rhel8-aarch64-u7-ol8_package.pipeline-6546/root/etc/pki/mock
DEBUG util.py:116:  ensuring that dir exists: /var/lib/mock/rhel8-aarch64-u7-ol8_package.pipeline-6546/root/etc/yum/pluginconf.d.real
DEBUG package_manager.py:256:  configure yum
DEBUG package_manager.py:268:  configure yum priorities
DEBUG package_manager.py:270:  configure yum rhnplugin
DEBUG util.py:664:  child environment: None
DEBUG util.py:590:  Executing command: ['/usr/sbin/userdel', '-f', 'mockbuild'] with env {'TERM': 'vt100', 'SHELL': '/bin/bash', 'HOME': '/builddir', 'HOSTNAME': 'mock', 'PATH': '/usr/bin:/bin:/usr/sbin:/sbin', 'PROMPT_COMMAND': 'printf "\\033]0;<mock-chroot>\\007"', 'PS1': '<mock-chroot> \\s-\\v\\$ ', 'LANG': 'en_US.UTF-8'} and shell False
DEBUG util.py:336:  Unsharing. Flags: 134217728
DEBUG util.py:645:  Child return code was: 0
DEBUG util.py:664:  child environment: None
DEBUG util.py:590:  Executing command: ['/usr/sbin/groupdel', 'mock'] with env {'TERM': 'vt100', 'SHELL': '/bin/bash', 'HOME': '/builddir', 'HOSTNAME': 'mock', 'PATH': '/usr/bin:/bin:/usr/sbin:/sbin', 'PROMPT_COMMAND': 'printf "\\033]0;<mock-chroot>\\007"', 'PS1': '<mock-chroot> \\s-\\v\\$ ', 'LANG': 'en_US.UTF-8'} and shell False
DEBUG util.py:336:  Unsharing. Flags: 134217728
DEBUG util.py:645:  Child return code was: 0
DEBUG util.py:664:  child environment: None
DEBUG util.py:590:  Executing command: ['/usr/sbin/groupadd', '-g', '135', 'mock'] with env {'TERM': 'vt100', 'SHELL': '/bin/bash', 'HOME': '/builddir', 'HOSTNAME': 'mock', 'PATH': '/usr/bin:/bin:/usr/sbin:/sbin', 'PROMPT_COMMAND': 'printf "\\033]0;<mock-chroot>\\007"', 'PS1': '<mock-chroot> \\s-\\v\\$ ', 'LANG': 'en_US.UTF-8'} and shell False
DEBUG util.py:336:  Unsharing. Flags: 134217728
DEBUG util.py:645:  Child return code was: 0
DEBUG util.py:664:  child environment: None
DEBUG util.py:590:  Executing command: ['/usr/sbin/useradd', '-o', '-m', '-u', '1039', '-g', '135', '-d', '/builddir', '-n', 'mockbuild'] with env {'TERM': 'vt100', 'SHELL': '/bin/bash', 'HOME': '/builddir', 'HOSTNAME': 'mock', 'PATH': '/usr/bin:/bin:/usr/sbin:/sbin', 'PROMPT_COMMAND': 'printf "\\033]0;<mock-chroot>\\007"', 'PS1': '<mock-chroot> \\s-\\v\\$ ', 'LANG': 'en_US.UTF-8'} and shell False
DEBUG util.py:336:  Unsharing. Flags: 134217728
DEBUG util.py:501:  BUILDSTDERR: useradd: warning: the home directory already exists.
DEBUG util.py:501:  BUILDSTDERR: Not copying any file from skel directory into it.
DEBUG util.py:501:  BUILDSTDERR: Creating mailbox file: File exists
DEBUG util.py:645:  Child return code was: 0
DEBUG util.py:116:  ensuring that dir exists: /var/lib/mock/rhel8-aarch64-u7-ol8_package.pipeline-6546/root/builddir/build/RPMS
DEBUG util.py:119:  creating dir: /var/lib/mock/rhel8-aarch64-u7-ol8_package.pipeline-6546/root/builddir/build/RPMS
DEBUG util.py:116:  ensuring that dir exists: /var/lib/mock/rhel8-aarch64-u7-ol8_package.pipeline-6546/root/builddir/build/SPECS
DEBUG util.py:119:  creating dir: /var/lib/mock/rhel8-aarch64-u7-ol8_package.pipeline-6546/root/builddir/build/SPECS
DEBUG util.py:116:  ensuring that dir exists: /var/lib/mock/rhel8-aarch64-u7-ol8_package.pipeline-6546/root/builddir/build/SRPMS
DEBUG util.py:119:  creating dir: /var/lib/mock/rhel8-aarch64-u7-ol8_package.pipeline-6546/root/builddir/build/SRPMS
DEBUG util.py:116:  ensuring that dir exists: /var/lib/mock/rhel8-aarch64-u7-ol8_package.pipeline-6546/root/builddir/build/SOURCES
DEBUG util.py:116:  ensuring that dir exists: /var/lib/mock/rhel8-aarch64-u7-ol8_package.pipeline-6546/root/builddir/build/BUILD
DEBUG util.py:119:  creating dir: /var/lib/mock/rhel8-aarch64-u7-ol8_package.pipeline-6546/root/builddir/build/BUILD
DEBUG util.py:116:  ensuring that dir exists: /var/lib/mock/rhel8-aarch64-u7-ol8_package.pipeline-6546/root/builddir/build/BUILDROOT
DEBUG util.py:119:  creating dir: /var/lib/mock/rhel8-aarch64-u7-ol8_package.pipeline-6546/root/builddir/build/BUILDROOT
DEBUG util.py:116:  ensuring that dir exists: /var/lib/mock/rhel8-aarch64-u7-ol8_package.pipeline-6546/root/builddir/build/originals
DEBUG util.py:119:  creating dir: /var/lib/mock/rhel8-aarch64-u7-ol8_package.pipeline-6546/root/builddir/build/originals
DEBUG util.py:129:  touching file: /var/lib/mock/rhel8-aarch64-u7-ol8_package.pipeline-6546/root/.initialized
DEBUG util.py:664:  child environment: None
DEBUG util.py:590:  Executing command: ['/bin/rpm', '-Uvh', '--nodeps', '/builddir/build/originals/shim-unsigned-aa64-15.7-1.0.2.el8.src.rpm'] with env {'TERM': 'vt100', 'SHELL': '/bin/bash', 'HOME': '/builddir', 'HOSTNAME': 'mock', 'PATH': '/usr/bin:/bin:/usr/sbin:/sbin', 'PROMPT_COMMAND': 'printf "\\033]0;<mock-chroot>\\007"', 'PS1': '<mock-chroot> \\s-\\v\\$ ', 'LANG': 'en_US.UTF-8'} and shell False
DEBUG util.py:336:  Unsharing. Flags: 134217728
DEBUG util.py:503:  Updating / installing...
DEBUG util.py:503:  shim-unsigned-aa64-15.7-1.0.2.el8     ########################################
DEBUG util.py:645:  Child return code was: 0
DEBUG util.py:664:  child environment: None
DEBUG util.py:590:  Executing command: ['/bin/rpm', '-qpl', '/builddir/build/originals/shim-unsigned-aa64-15.7-1.0.2.el8.src.rpm'] with env {'TERM': 'vt100', 'SHELL': '/bin/bash', 'HOME': '/builddir', 'HOSTNAME': 'mock', 'PATH': '/usr/bin:/bin:/usr/sbin:/sbin', 'PROMPT_COMMAND': 'printf "\\033]0;<mock-chroot>\\007"', 'PS1': '<mock-chroot> \\s-\\v\\$ ', 'LANG': 'en_US.UTF-8'} and shell False
DEBUG util.py:336:  Unsharing. Flags: 134217728
DEBUG util.py:503:  1000-Make-sbat_var.S-parse-right-with-buggy-gcc-binutils.patch
DEBUG util.py:503:  sbat.oracle.csv
DEBUG util.py:503:  shim-15.7.tar.bz2
DEBUG util.py:503:  shim-find-debuginfo.sh
DEBUG util.py:503:  shim-unsigned-aarch64.spec
DEBUG util.py:503:  shim.patches
DEBUG util.py:503:  vendor_db.esl
DEBUG util.py:645:  Child return code was: 0
DEBUG util.py:664:  child environment: None
DEBUG util.py:336:  Unsharing. Flags: 134217728
DEBUG package_manager.py:118:  ['/usr/bin/yum-builddep', '--installroot', '/var/lib/mock/rhel8-aarch64-u7-ol8_package.pipeline-6546/root/', '/var/lib/mock/rhel8-aarch64-u7-ol8_package.pipeline-6546/root//builddir/build/SRPMS/shim-unsigned-aa64-15.7-1.0.2.el8.src.rpm']
DEBUG util.py:664:  child environment: None
DEBUG util.py:590:  Executing command: ['/usr/bin/yum-builddep', '--installroot', '/var/lib/mock/rhel8-aarch64-u7-ol8_package.pipeline-6546/root/', '/var/lib/mock/rhel8-aarch64-u7-ol8_package.pipeline-6546/root//builddir/build/SRPMS/shim-unsigned-aa64-15.7-1.0.2.el8.src.rpm'] with env {'TERM': 'vt100', 'SHELL': '/bin/bash', 'HOME': '/builddir', 'HOSTNAME': 'mock', 'PATH': '/usr/bin:/bin:/usr/sbin:/sbin', 'PROMPT_COMMAND': 'printf "\\033]0;<mock-chroot>\\007"', 'PS1': '<mock-chroot> \\s-\\v\\$ ', 'LANG': 'en_US.UTF-8', 'LC_MESSAGES': 'C.UTF-8'} and shell False
DEBUG util.py:503:  public_baseos                                   176 MB/s |  66 MB     00:00    
DEBUG util.py:503:  public_u6                                        13 MB/s | 3.3 MB     00:00    
DEBUG util.py:503:  public_u5                                        21 MB/s | 3.0 MB     00:00    
DEBUG util.py:503:  public_u4                                        23 MB/s | 3.2 MB     00:00    
DEBUG util.py:503:  public_u3                                        13 MB/s | 2.8 MB     00:00    
DEBUG util.py:503:  public_u2                                        12 MB/s | 2.8 MB     00:00    
DEBUG util.py:503:  public_appstream                                143 MB/s |  36 MB     00:00    
DEBUG util.py:503:  public_codeready                                 54 MB/s | 5.3 MB     00:00    
DEBUG util.py:503:  public_distro_builder                           6.5 MB/s | 1.4 MB     00:00    
DEBUG util.py:503:  Distro Builder                                  5.6 kB/s | 257  B     00:00    
DEBUG util.py:503:  Distro Builder                                  3.2 MB/s | 165 kB     00:00    
DEBUG util.py:503:  Distro Builder                                  6.5 kB/s | 257  B     00:00    
DEBUG util.py:503:  Distro Builder                                  542 kB/s |  22 kB     00:00    
DEBUG util.py:503:  groups                                           57 kB/s | 2.4 kB     00:00    
DEBUG util.py:503:  u0-deps                                         462 kB/s |  18 kB     00:00    
DEBUG util.py:503:  u0-ol-BaseOS                                    6.6 kB/s | 257  B     00:00    
DEBUG util.py:503:  u0-ol-AppStream                                 1.7 kB/s | 257  B     00:00    
DEBUG util.py:503:  u7-ol-modules                                   5.4 MB/s | 3.1 MB     00:00    
DEBUG util.py:503:  u6-ol-modules                                   7.4 MB/s | 4.3 MB     00:00    
DEBUG util.py:503:  u5-ol-modules                                   3.8 MB/s | 3.8 MB     00:01    
DEBUG util.py:503:  u4-ol-modules                                    39 MB/s | 3.8 MB     00:00    
DEBUG util.py:503:  u3-ol-modules                                    39 MB/s | 3.0 MB     00:00    
DEBUG util.py:503:  u2-ol-modules                                    30 MB/s | 2.5 MB     00:00    
DEBUG util.py:503:  u1-ol-modules                                    31 MB/s | 2.7 MB     00:00    
DEBUG util.py:503:  u0-ol-modules                                    35 MB/s | 2.8 MB     00:00    
DEBUG util.py:503:  u0-uek-libdtrace                                 34 kB/s | 1.7 kB     00:00    
DEBUG util.py:503:  u7                                               70 MB/s | 7.5 MB     00:00    
DEBUG util.py:503:  u7-extras                                       6.6 kB/s | 257  B     00:00    
DEBUG util.py:503:  u7-extras.0                                     100 kB/s | 3.7 kB     00:00    
DEBUG util.py:503:  u6                                               97 MB/s |  16 MB     00:00    
DEBUG util.py:503:  u6-extras                                       3.1 kB/s | 257  B     00:00    
DEBUG util.py:503:  u6-extras.0                                     1.1 MB/s |  51 kB     00:00    
DEBUG util.py:503:  u5                                               99 MB/s |  12 MB     00:00    
DEBUG util.py:503:  u5-extras                                        29 MB/s | 1.9 MB     00:00    
DEBUG util.py:503:  u5-extras.0                                     125 MB/s |  19 MB     00:00    
DEBUG util.py:503:  u4                                              100 MB/s |  12 MB     00:00    
DEBUG util.py:503:  u4-extras                                       6.7 kB/s | 257  B     00:00    
DEBUG util.py:503:  u4-extras.0                                      86 kB/s | 3.4 kB     00:00    
DEBUG util.py:503:  u3                                              100 MB/s |  12 MB     00:00    
DEBUG util.py:503:  u3-extras                                       6.4 kB/s | 257  B     00:00    
DEBUG util.py:503:  u3-extras.0                                     130 kB/s | 4.9 kB     00:00    
DEBUG util.py:503:  u2                                               99 MB/s |  13 MB     00:00    
DEBUG util.py:503:  u2-extras                                       3.3 MB/s | 170 kB     00:00    
DEBUG util.py:503:  u2-extras.0                                     148 kB/s | 6.0 kB     00:00    
DEBUG util.py:503:  u1                                              101 MB/s |  10 MB     00:00    
DEBUG util.py:503:  u1-extras                                       6.7 kB/s | 257  B     00:00    
DEBUG util.py:503:  u1-extras.0                                     115 MB/s |  15 MB     00:00    
DEBUG util.py:503:  u0                                              105 MB/s |  21 MB     00:00    
DEBUG util.py:503:  u0-extras                                       6.2 kB/s | 257  B     00:00    
DEBUG util.py:503:  u0-extras.0                                     178 kB/s | 6.8 kB     00:00    
DEBUG util.py:503:  upstream_deps                                    30 MB/s | 2.1 MB     00:00    
DEBUG util.py:503:  other_deps                                       18 MB/s | 971 kB     00:00    
DEBUG util.py:503:  Package findutils-1:4.6.0-20.el8.aarch64 is already installed.
DEBUG util.py:503:  Package gcc-8.5.0-15.0.1.el8.aarch64 is already installed.
DEBUG util.py:503:  Package make-1:4.2.1-11.el8.aarch64 is already installed.
DEBUG util.py:503:  Dependencies resolved.
DEBUG util.py:503:  ================================================================================
DEBUG util.py:503:   Package                 Arch    Version                 Repository        Size
DEBUG util.py:503:  ================================================================================
DEBUG util.py:503:  Installing:
DEBUG util.py:503:   dos2unix                aarch64 7.4.0-3.el8             public_baseos    239 k
DEBUG util.py:503:   elfutils-libelf-devel   aarch64 0.187-4.el8             public_baseos     61 k
DEBUG util.py:503:   git                     aarch64 2.31.1-2.el8            public_appstream 161 k
DEBUG util.py:503:   openssl                 aarch64 1:1.1.1k-7.el8_6        public_baseos    690 k
DEBUG util.py:503:   openssl-devel           aarch64 1:1.1.1k-7.el8_6        public_baseos    2.3 M
DEBUG util.py:503:   pesign                  aarch64 0.112-26.0.1.el8        public_appstream 172 k
DEBUG util.py:503:  Installing dependencies:
DEBUG util.py:503:   crypto-policies-scripts noarch  20211116-1.gitae470d6.el8
DEBUG util.py:503:                                                           public_baseos     83 k
DEBUG util.py:503:   efivar-libs             aarch64 37-4.el8                public_baseos    100 k
DEBUG util.py:503:   emacs-filesystem        noarch  1:26.1-7.el8            public_baseos     70 k
DEBUG util.py:503:   git-core                aarch64 2.31.1-2.el8            public_appstream 4.7 M
DEBUG util.py:503:   git-core-doc            noarch  2.31.1-2.el8            public_appstream 2.6 M
DEBUG util.py:503:   groff-base              aarch64 1.22.3-18.el8           public_baseos    994 k
DEBUG util.py:503:   keyutils-libs-devel     aarch64 1.5.10-9.el8            public_baseos     48 k
DEBUG util.py:503:   krb5-devel              aarch64 1.18.2-22.0.1.el8_7     public_baseos    559 k
DEBUG util.py:503:   less                    aarch64 530-1.el8               public_baseos    161 k
DEBUG util.py:503:   libcom_err-devel        aarch64 1.46.2-2.el8            public_baseos     40 k
DEBUG util.py:503:   libedit                 aarch64 3.1-23.20170329cvs.el8  public_baseos     99 k
DEBUG util.py:503:   libkadm5                aarch64 1.18.2-22.0.1.el8_7     public_baseos    185 k
DEBUG util.py:503:   libselinux-devel        aarch64 2.9-6.el8               public_baseos    200 k
DEBUG util.py:503:   libsepol-devel          aarch64 2.9-3.el8               public_baseos     87 k
DEBUG util.py:503:   libverto-devel          aarch64 0.3.2-2.el8             public_baseos     18 k
DEBUG util.py:503:   nspr                    aarch64 4.34.0-3.el8_6          public_appstream 136 k
DEBUG util.py:503:   nss                     aarch64 3.79.0-10.el8_6         public_appstream 706 k
DEBUG util.py:503:   nss-softokn             aarch64 3.79.0-10.el8_6         public_appstream 1.1 M
DEBUG util.py:503:   nss-softokn-freebl      aarch64 3.79.0-10.el8_6         public_appstream 354 k
DEBUG util.py:503:   nss-sysinit             aarch64 3.79.0-10.el8_6         public_appstream  74 k
DEBUG util.py:503:   nss-tools               aarch64 3.79.0-10.el8_6         public_appstream 579 k
DEBUG util.py:503:   nss-util                aarch64 3.79.0-10.el8_6         public_appstream 135 k
DEBUG util.py:503:   openssh                 aarch64 8.0p1-16.el8            public_baseos    488 k
DEBUG util.py:503:   openssh-clients         aarch64 8.0p1-16.el8            public_baseos    626 k
DEBUG util.py:503:   pcre2-devel             aarch64 10.32-3.el8_6           public_baseos    605 k
DEBUG util.py:503:   pcre2-utf16             aarch64 10.32-3.el8_6           public_baseos    203 k
DEBUG util.py:503:   pcre2-utf32             aarch64 10.32-3.el8_6           public_baseos    195 k
DEBUG util.py:503:   perl-Carp               noarch  1.42-396.el8            public_baseos     30 k
DEBUG util.py:503:   perl-Encode             aarch64 4:2.97-3.el8            public_baseos    1.5 M
DEBUG util.py:503:   perl-Errno              aarch64 1.28-421.el8            public_baseos     76 k
DEBUG util.py:503:   perl-Error              noarch  1:0.17025-2.el8         public_appstream  46 k
DEBUG util.py:503:   perl-Exporter           noarch  5.72-396.el8            public_baseos     34 k
DEBUG util.py:503:   perl-File-Path          noarch  2.15-2.el8              public_baseos     38 k
DEBUG util.py:503:   perl-File-Temp          noarch  0.230.600-1.el8         public_baseos     63 k
DEBUG util.py:503:   perl-Getopt-Long        noarch  1:2.50-4.el8            public_baseos     63 k
DEBUG util.py:503:   perl-Git                noarch  2.31.1-2.el8            public_appstream  78 k
DEBUG util.py:503:   perl-HTTP-Tiny          noarch  0.074-1.el8             public_baseos     58 k
DEBUG util.py:503:   perl-IO                 aarch64 1.38-421.el8            public_baseos    142 k
DEBUG util.py:503:   perl-MIME-Base64        aarch64 3.15-396.el8            public_baseos     31 k
DEBUG util.py:503:   perl-PathTools          aarch64 3.74-1.el8              public_baseos     90 k
DEBUG util.py:503:   perl-Pod-Escapes        noarch  1:1.07-395.el8          public_baseos     20 k
DEBUG util.py:503:   perl-Pod-Perldoc        noarch  3.28-396.el8            public_baseos     88 k
DEBUG util.py:503:   perl-Pod-Simple         noarch  1:3.35-395.el8          public_baseos    213 k
DEBUG util.py:503:   perl-Pod-Usage          noarch  4:1.69-395.el8          public_baseos     34 k
DEBUG util.py:503:   perl-Scalar-List-Utils  aarch64 3:1.49-2.el8            public_baseos     67 k
DEBUG util.py:503:   perl-Socket             aarch64 4:2.027-3.el8           public_baseos     59 k
DEBUG util.py:503:   perl-Storable           aarch64 1:3.11-3.el8            public_baseos     95 k
DEBUG util.py:503:   perl-Term-ANSIColor     noarch  4.06-396.el8            public_baseos     46 k
DEBUG util.py:503:   perl-Term-Cap           noarch  1.17-395.el8            public_baseos     23 k
DEBUG util.py:503:   perl-TermReadKey        aarch64 2.37-7.el8              public_appstream  40 k
DEBUG util.py:503:   perl-Text-ParseWords    noarch  3.30-395.el8            public_baseos     18 k
DEBUG util.py:503:   perl-Text-Tabs+Wrap     noarch  2013.0523-395.el8       public_baseos     24 k
DEBUG util.py:503:   perl-Time-Local         noarch  1:1.280-1.el8           public_baseos     33 k
DEBUG util.py:503:   perl-Unicode-Normalize  aarch64 1.25-396.el8            public_baseos     78 k
DEBUG util.py:503:   perl-constant           noarch  1.33-396.el8            public_baseos     25 k
DEBUG util.py:503:   perl-interpreter        aarch64 4:5.26.3-421.el8        public_baseos    6.3 M
DEBUG util.py:503:   perl-libs               aarch64 4:5.26.3-421.el8        public_baseos    1.5 M
DEBUG util.py:503:   perl-macros             aarch64 4:5.26.3-421.el8        public_baseos     72 k
DEBUG util.py:503:   perl-parent             noarch  1:0.237-1.el8           public_baseos     20 k
DEBUG util.py:503:   perl-podlators          noarch  4.11-1.el8              public_baseos    118 k
DEBUG util.py:503:   perl-threads            aarch64 1:2.21-2.el8            public_baseos     60 k
DEBUG util.py:503:   perl-threads-shared     aarch64 1.58-2.el8              public_baseos     47 k
DEBUG util.py:503:   zlib-devel              aarch64 1.2.11-20.el8           public_baseos     58 k
DEBUG util.py:503:  Transaction Summary
DEBUG util.py:503:  ================================================================================
DEBUG util.py:503:  Install  69 Packages
DEBUG util.py:503:  Total download size: 30 M
DEBUG util.py:503:  Installed size: 103 M
DEBUG util.py:503:  Downloading Packages:
DEBUG util.py:503:  (1/69): efivar-libs-37-4.el8.aarch64.rpm        1.2 MB/s | 100 kB     00:00    
DEBUG util.py:503:  (2/69): dos2unix-7.4.0-3.el8.aarch64.rpm        1.7 MB/s | 239 kB     00:00    
DEBUG util.py:503:  (3/69): crypto-policies-scripts-20211116-1.gita 466 kB/s |  83 kB     00:00    
DEBUG util.py:503:  (4/69): elfutils-libelf-devel-0.187-4.el8.aarch 551 kB/s |  61 kB     00:00    
DEBUG util.py:503:  (5/69): keyutils-libs-devel-1.5.10-9.el8.aarch6  14 MB/s |  48 kB     00:00    
DEBUG util.py:503:  (6/69): emacs-filesystem-26.1-7.el8.noarch.rpm  948 kB/s |  70 kB     00:00    
DEBUG util.py:503:  (7/69): krb5-devel-1.18.2-22.0.1.el8_7.aarch64.  23 MB/s | 559 kB     00:00    
DEBUG util.py:503:  (8/69): libcom_err-devel-1.46.2-2.el8.aarch64.r  11 MB/s |  40 kB     00:00    
DEBUG util.py:503:  (9/69): groff-base-1.22.3-18.el8.aarch64.rpm     15 MB/s | 994 kB     00:00    
DEBUG util.py:503:  (10/69): libedit-3.1-23.20170329cvs.el8.aarch64 1.6 MB/s |  99 kB     00:00    
DEBUG util.py:503:  (11/69): libselinux-devel-2.9-6.el8.aarch64.rpm  32 MB/s | 200 kB     00:00    
DEBUG util.py:503:  (12/69): less-530-1.el8.aarch64.rpm             1.9 MB/s | 161 kB     00:00    
DEBUG util.py:503:  (13/69): libsepol-devel-2.9-3.el8.aarch64.rpm    18 MB/s |  87 kB     00:00    
DEBUG util.py:503:  (14/69): libverto-devel-0.3.2-2.el8.aarch64.rpm 4.0 MB/s |  18 kB     00:00    
DEBUG util.py:503:  (15/69): libkadm5-1.18.2-22.0.1.el8_7.aarch64.r 3.3 MB/s | 185 kB     00:00    
DEBUG util.py:503:  (16/69): openssl-1.1.1k-7.el8_6.aarch64.rpm      66 MB/s | 690 kB     00:00    
DEBUG util.py:503:  (17/69): openssl-devel-1.1.1k-7.el8_6.aarch64.r  66 MB/s | 2.3 MB     00:00    
DEBUG util.py:503:  (18/69): openssh-clients-8.0p1-16.el8.aarch64.r 9.4 MB/s | 626 kB     00:00    
DEBUG util.py:503:  (19/69): pcre2-devel-10.32-3.el8_6.aarch64.rpm   29 MB/s | 605 kB     00:00    
DEBUG util.py:503:  (20/69): pcre2-utf16-10.32-3.el8_6.aarch64.rpm   22 MB/s | 203 kB     00:00    
DEBUG util.py:503:  (21/69): perl-Carp-1.42-396.el8.noarch.rpm      8.1 MB/s |  30 kB     00:00    
DEBUG util.py:503:  (22/69): openssh-8.0p1-16.el8.aarch64.rpm       5.4 MB/s | 488 kB     00:00    
DEBUG util.py:503:  (23/69): perl-Encode-2.97-3.el8.aarch64.rpm      74 MB/s | 1.5 MB     00:00    
DEBUG util.py:503:  (24/69): perl-Exporter-5.72-396.el8.noarch.rpm  8.7 MB/s |  34 kB     00:00    
DEBUG util.py:503:  (25/69): perl-Errno-1.28-421.el8.aarch64.rpm    1.2 MB/s |  76 kB     00:00    
DEBUG util.py:503:  (26/69): perl-File-Temp-0.230.600-1.el8.noarch.  15 MB/s |  63 kB     00:00    
DEBUG util.py:503:  (27/69): perl-File-Path-2.15-2.el8.noarch.rpm   621 kB/s |  38 kB     00:00    
DEBUG util.py:503:  (28/69): perl-HTTP-Tiny-0.074-1.el8.noarch.rpm   16 MB/s |  58 kB     00:00    
DEBUG util.py:503:  (29/69): perl-IO-1.38-421.el8.aarch64.rpm        28 MB/s | 142 kB     00:00    
DEBUG util.py:503:  (30/69): perl-MIME-Base64-3.15-396.el8.aarch64. 8.1 MB/s |  31 kB     00:00    
DEBUG util.py:503:  (31/69): perl-Getopt-Long-2.50-4.el8.noarch.rpm 1.3 MB/s |  63 kB     00:00    
DEBUG util.py:503:  (32/69): perl-Pod-Escapes-1.07-395.el8.noarch.r 542 kB/s |  20 kB     00:00    
DEBUG util.py:503:  (33/69): pcre2-utf32-10.32-3.el8_6.aarch64.rpm  683 kB/s | 195 kB     00:00    
DEBUG util.py:503:  (34/69): perl-PathTools-3.74-1.el8.aarch64.rpm  481 kB/s |  90 kB     00:00    
DEBUG util.py:503:  (35/69): perl-Pod-Simple-3.35-395.el8.noarch.rp  28 MB/s | 213 kB     00:00    
DEBUG util.py:503:  (36/69): perl-Pod-Usage-1.69-395.el8.noarch.rpm 8.4 MB/s |  34 kB     00:00    
DEBUG util.py:503:  (37/69): perl-Pod-Perldoc-3.28-396.el8.noarch.r 636 kB/s |  88 kB     00:00    
DEBUG util.py:503:  (38/69): perl-Scalar-List-Utils-1.49-2.el8.aarc 1.2 MB/s |  67 kB     00:00    
DEBUG util.py:503:  (39/69): perl-Term-ANSIColor-4.06-396.el8.noarc  11 MB/s |  46 kB     00:00    
DEBUG util.py:503:  (40/69): perl-Socket-2.027-3.el8.aarch64.rpm    1.0 MB/s |  59 kB     00:00    
DEBUG util.py:503:  (41/69): perl-Term-Cap-1.17-395.el8.noarch.rpm  6.1 MB/s |  23 kB     00:00    
DEBUG util.py:503:  (42/69): perl-Storable-3.11-3.el8.aarch64.rpm   1.5 MB/s |  95 kB     00:00    
DEBUG util.py:503:  (43/69): perl-Text-ParseWords-3.30-395.el8.noar 462 kB/s |  18 kB     00:00    
DEBUG util.py:503:  (44/69): perl-Text-Tabs+Wrap-2013.0523-395.el8. 442 kB/s |  24 kB     00:00    
DEBUG util.py:503:  (45/69): perl-Time-Local-1.280-1.el8.noarch.rpm 609 kB/s |  33 kB     00:00    
DEBUG util.py:503:  (46/69): perl-Unicode-Normalize-1.25-396.el8.aa 637 kB/s |  78 kB     00:00    
DEBUG util.py:503:  (47/69): perl-constant-1.33-396.el8.noarch.rpm  190 kB/s |  25 kB     00:00    
DEBUG util.py:503:  (48/69): perl-macros-5.26.3-421.el8.aarch64.rpm  17 MB/s |  72 kB     00:00    
DEBUG util.py:503:  (49/69): perl-parent-0.237-1.el8.noarch.rpm     5.3 MB/s |  20 kB     00:00    
DEBUG util.py:503:  (50/69): perl-podlators-4.11-1.el8.noarch.rpm    23 MB/s | 118 kB     00:00    
DEBUG util.py:503:  (51/69): perl-threads-2.21-2.el8.aarch64.rpm     15 MB/s |  60 kB     00:00    
DEBUG util.py:503:  (52/69): perl-threads-shared-1.58-2.el8.aarch64  12 MB/s |  47 kB     00:00    
DEBUG util.py:503:  (53/69): zlib-devel-1.2.11-20.el8.aarch64.rpm    15 MB/s |  58 kB     00:00    
DEBUG util.py:503:  (54/69): perl-interpreter-5.26.3-421.el8.aarch6  30 MB/s | 6.3 MB     00:00    
DEBUG util.py:503:  (55/69): git-2.31.1-2.el8.aarch64.rpm           1.2 MB/s | 161 kB     00:00    
DEBUG util.py:503:  (56/69): git-core-2.31.1-2.el8.aarch64.rpm       39 MB/s | 4.7 MB     00:00    
DEBUG util.py:503:  (57/69): nspr-4.34.0-3.el8_6.aarch64.rpm         26 MB/s | 136 kB     00:00    
DEBUG util.py:503:  (58/69): perl-libs-5.26.3-421.el8.aarch64.rpm   5.8 MB/s | 1.5 MB     00:00    
DEBUG util.py:503:  (59/69): nss-softokn-3.79.0-10.el8_6.aarch64.rp  83 MB/s | 1.1 MB     00:00    
DEBUG util.py:503:  (60/69): nss-softokn-freebl-3.79.0-10.el8_6.aar 5.2 MB/s | 354 kB     00:00    
DEBUG util.py:503:  (61/69): nss-sysinit-3.79.0-10.el8_6.aarch64.rp 1.1 MB/s |  74 kB     00:00    
DEBUG util.py:503:  (62/69): nss-3.79.0-10.el8_6.aarch64.rpm        4.1 MB/s | 706 kB     00:00    
DEBUG util.py:503:  (63/69): git-core-doc-2.31.1-2.el8.noarch.rpm    10 MB/s | 2.6 MB     00:00    
DEBUG util.py:503:  (64/69): perl-Error-0.17025-2.el8.noarch.rpm    857 kB/s |  46 kB     00:00    
DEBUG util.py:503:  (65/69): perl-Git-2.31.1-2.el8.noarch.rpm        18 MB/s |  78 kB     00:00    
DEBUG util.py:503:  (66/69): perl-TermReadKey-2.37-7.el8.aarch64.rp  11 MB/s |  40 kB     00:00    
DEBUG util.py:503:  (67/69): pesign-0.112-26.0.1.el8.aarch64.rpm     35 MB/s | 172 kB     00:00    
DEBUG util.py:503:  (68/69): nss-util-3.79.0-10.el8_6.aarch64.rpm   856 kB/s | 135 kB     00:00    
DEBUG util.py:503:  (69/69): nss-tools-3.79.0-10.el8_6.aarch64.rpm  2.2 MB/s | 579 kB     00:00    
DEBUG util.py:503:  --------------------------------------------------------------------------------
DEBUG util.py:503:  Total                                            19 MB/s |  30 MB     00:01     
DEBUG util.py:503:  Running transaction check
DEBUG util.py:503:  Transaction check succeeded.
DEBUG util.py:503:  Running transaction test
DEBUG util.py:503:  Transaction test succeeded.
DEBUG util.py:503:  Running transaction
DEBUG util.py:503:    Preparing        :                                                        1/1 
DEBUG util.py:503:    Installing       : nspr-4.34.0-3.el8_6.aarch64                           1/69 
DEBUG util.py:503:    Running scriptlet: nspr-4.34.0-3.el8_6.aarch64                           1/69 
DEBUG util.py:503:    Installing       : nss-util-3.79.0-10.el8_6.aarch64                      2/69 
DEBUG util.py:503:    Installing       : zlib-devel-1.2.11-20.el8.aarch64                      3/69 
DEBUG util.py:503:    Installing       : nss-softokn-freebl-3.79.0-10.el8_6.aarch64            4/69 
DEBUG util.py:503:    Installing       : nss-softokn-3.79.0-10.el8_6.aarch64                   5/69 
DEBUG util.py:503:    Installing       : pcre2-utf32-10.32-3.el8_6.aarch64                     6/69 
DEBUG util.py:503:    Installing       : pcre2-utf16-10.32-3.el8_6.aarch64                     7/69 
DEBUG util.py:503:    Installing       : pcre2-devel-10.32-3.el8_6.aarch64                     8/69 
DEBUG util.py:503:    Running scriptlet: openssh-8.0p1-16.el8.aarch64                          9/69 
DEBUG util.py:503:    Installing       : openssh-8.0p1-16.el8.aarch64                          9/69 
DEBUG util.py:503:    Installing       : libverto-devel-0.3.2-2.el8.aarch64                   10/69 
DEBUG util.py:503:    Installing       : libsepol-devel-2.9-3.el8.aarch64                     11/69 
DEBUG util.py:503:    Installing       : libselinux-devel-2.9-6.el8.aarch64                   12/69 
DEBUG util.py:503:    Installing       : libkadm5-1.18.2-22.0.1.el8_7.aarch64                 13/69 
DEBUG util.py:503:    Installing       : libedit-3.1-23.20170329cvs.el8.aarch64               14/69 
DEBUG util.py:503:    Installing       : openssh-clients-8.0p1-16.el8.aarch64                 15/69 
DEBUG util.py:503:    Installing       : libcom_err-devel-1.46.2-2.el8.aarch64                16/69 
DEBUG util.py:503:    Installing       : less-530-1.el8.aarch64                               17/69 
DEBUG util.py:503:    Installing       : git-core-2.31.1-2.el8.aarch64                        18/69 
DEBUG util.py:503:    Installing       : git-core-doc-2.31.1-2.el8.noarch                     19/69 
DEBUG util.py:503:    Installing       : keyutils-libs-devel-1.5.10-9.el8.aarch64             20/69 
DEBUG util.py:503:    Installing       : krb5-devel-1.18.2-22.0.1.el8_7.aarch64               21/69 
DEBUG util.py:503:    Installing       : groff-base-1.22.3-18.el8.aarch64                     22/69 
DEBUG util.py:503:    Installing       : perl-Pod-Escapes-1:1.07-395.el8.noarch               23/69 
DEBUG util.py:503:    Installing       : perl-Time-Local-1:1.280-1.el8.noarch                 24/69 
DEBUG util.py:503:    Installing       : perl-Term-ANSIColor-4.06-396.el8.noarch              25/69 
DEBUG util.py:503:    Installing       : perl-Term-Cap-1.17-395.el8.noarch                    26/69 
DEBUG util.py:503:    Installing       : perl-File-Temp-0.230.600-1.el8.noarch                27/69 
DEBUG util.py:503:    Installing       : perl-HTTP-Tiny-0.074-1.el8.noarch                    28/69 
DEBUG util.py:503:    Installing       : perl-Pod-Simple-1:3.35-395.el8.noarch                29/69 
DEBUG util.py:503:    Installing       : perl-podlators-4.11-1.el8.noarch                     30/69 
DEBUG util.py:503:    Installing       : perl-Pod-Perldoc-3.28-396.el8.noarch                 31/69 
DEBUG util.py:503:    Installing       : perl-Text-ParseWords-3.30-395.el8.noarch             32/69 
DEBUG util.py:503:    Installing       : perl-Pod-Usage-4:1.69-395.el8.noarch                 33/69 
DEBUG util.py:503:    Installing       : perl-MIME-Base64-3.15-396.el8.aarch64                34/69 
DEBUG util.py:503:    Installing       : perl-Storable-1:3.11-3.el8.aarch64                   35/69 
DEBUG util.py:503:    Installing       : perl-Getopt-Long-1:2.50-4.el8.noarch                 36/69 
DEBUG util.py:503:    Installing       : perl-Errno-1.28-421.el8.aarch64                      37/69 
DEBUG util.py:503:    Installing       : perl-Socket-4:2.027-3.el8.aarch64                    38/69 
DEBUG util.py:503:    Installing       : perl-Encode-4:2.97-3.el8.aarch64                     39/69 
DEBUG util.py:503:    Installing       : perl-Carp-1.42-396.el8.noarch                        40/69 
DEBUG util.py:503:    Installing       : perl-Exporter-5.72-396.el8.noarch                    41/69 
DEBUG util.py:503:    Installing       : perl-libs-4:5.26.3-421.el8.aarch64                   42/69 
DEBUG util.py:503:    Installing       : perl-Scalar-List-Utils-3:1.49-2.el8.aarch64          43/69 
DEBUG util.py:503:    Installing       : perl-parent-1:0.237-1.el8.noarch                     44/69 
DEBUG util.py:503:    Installing       : perl-macros-4:5.26.3-421.el8.aarch64                 45/69 
DEBUG util.py:503:    Installing       : perl-Text-Tabs+Wrap-2013.0523-395.el8.noarch         46/69 
DEBUG util.py:503:    Installing       : perl-Unicode-Normalize-1.25-396.el8.aarch64          47/69 
DEBUG util.py:503:    Installing       : perl-File-Path-2.15-2.el8.noarch                     48/69 
DEBUG util.py:503:    Installing       : perl-IO-1.38-421.el8.aarch64                         49/69 
DEBUG util.py:503:    Installing       : perl-PathTools-3.74-1.el8.aarch64                    50/69 
DEBUG util.py:503:    Installing       : perl-constant-1.33-396.el8.noarch                    51/69 
DEBUG util.py:503:    Installing       : perl-threads-1:2.21-2.el8.aarch64                    52/69 
DEBUG util.py:503:    Installing       : perl-threads-shared-1.58-2.el8.aarch64               53/69 
DEBUG util.py:503:    Installing       : perl-interpreter-4:5.26.3-421.el8.aarch64            54/69 
DEBUG util.py:503:    Installing       : perl-Error-1:0.17025-2.el8.noarch                    55/69 
DEBUG util.py:503:    Installing       : perl-TermReadKey-2.37-7.el8.aarch64                  56/69 
DEBUG util.py:503:    Installing       : emacs-filesystem-1:26.1-7.el8.noarch                 57/69 
DEBUG util.py:503:    Installing       : perl-Git-2.31.1-2.el8.noarch                         58/69 
DEBUG util.py:503:    Installing       : git-2.31.1-2.el8.aarch64                             59/69 
DEBUG util.py:503:    Installing       : efivar-libs-37-4.el8.aarch64                         60/69 
DEBUG util.py:503:    Running scriptlet: efivar-libs-37-4.el8.aarch64                         60/69 
DEBUG util.py:503:    Installing       : crypto-policies-scripts-20211116-1.gitae470d6.el8.   61/69 
DEBUG util.py:503:    Installing       : nss-sysinit-3.79.0-10.el8_6.aarch64                  62/69 
DEBUG util.py:503:    Installing       : nss-3.79.0-10.el8_6.aarch64                          63/69 
DEBUG util.py:503:    Installing       : nss-tools-3.79.0-10.el8_6.aarch64                    64/69 
DEBUG util.py:503:    Running scriptlet: pesign-0.112-26.0.1.el8.aarch64                      65/69 
DEBUG util.py:503:    Installing       : pesign-0.112-26.0.1.el8.aarch64                      65/69 
DEBUG util.py:503:    Running scriptlet: pesign-0.112-26.0.1.el8.aarch64                      65/69 
DEBUG util.py:503:    Installing       : openssl-devel-1:1.1.1k-7.el8_6.aarch64               66/69 
DEBUG util.py:503:    Installing       : elfutils-libelf-devel-0.187-4.el8.aarch64            67/69 
DEBUG util.py:503:    Installing       : openssl-1:1.1.1k-7.el8_6.aarch64                     68/69 
DEBUG util.py:503:    Installing       : dos2unix-7.4.0-3.el8.aarch64                         69/69 
DEBUG util.py:503:    Running scriptlet: crypto-policies-scripts-20211116-1.gitae470d6.el8.   69/69 
DEBUG util.py:503:    Running scriptlet: nss-3.79.0-10.el8_6.aarch64                          69/69 
DEBUG util.py:503:    Running scriptlet: dos2unix-7.4.0-3.el8.aarch64                         69/69 
DEBUG util.py:503:    Verifying        : crypto-policies-scripts-20211116-1.gitae470d6.el8.    1/69 
DEBUG util.py:503:    Verifying        : dos2unix-7.4.0-3.el8.aarch64                          2/69 
DEBUG util.py:503:    Verifying        : efivar-libs-37-4.el8.aarch64                          3/69 
DEBUG util.py:503:    Verifying        : elfutils-libelf-devel-0.187-4.el8.aarch64             4/69 
DEBUG util.py:503:    Verifying        : emacs-filesystem-1:26.1-7.el8.noarch                  5/69 
DEBUG util.py:503:    Verifying        : groff-base-1.22.3-18.el8.aarch64                      6/69 
DEBUG util.py:503:    Verifying        : keyutils-libs-devel-1.5.10-9.el8.aarch64              7/69 
DEBUG util.py:503:    Verifying        : krb5-devel-1.18.2-22.0.1.el8_7.aarch64                8/69 
DEBUG util.py:503:    Verifying        : less-530-1.el8.aarch64                                9/69 
DEBUG util.py:503:    Verifying        : libcom_err-devel-1.46.2-2.el8.aarch64                10/69 
DEBUG util.py:503:    Verifying        : libedit-3.1-23.20170329cvs.el8.aarch64               11/69 
DEBUG util.py:503:    Verifying        : libkadm5-1.18.2-22.0.1.el8_7.aarch64                 12/69 
DEBUG util.py:503:    Verifying        : libselinux-devel-2.9-6.el8.aarch64                   13/69 
DEBUG util.py:503:    Verifying        : libsepol-devel-2.9-3.el8.aarch64                     14/69 
DEBUG util.py:503:    Verifying        : libverto-devel-0.3.2-2.el8.aarch64                   15/69 
DEBUG util.py:503:    Verifying        : openssh-8.0p1-16.el8.aarch64                         16/69 
DEBUG util.py:503:    Verifying        : openssh-clients-8.0p1-16.el8.aarch64                 17/69 
DEBUG util.py:503:    Verifying        : openssl-1:1.1.1k-7.el8_6.aarch64                     18/69 
DEBUG util.py:503:    Verifying        : openssl-devel-1:1.1.1k-7.el8_6.aarch64               19/69 
DEBUG util.py:503:    Verifying        : pcre2-devel-10.32-3.el8_6.aarch64                    20/69 
DEBUG util.py:503:    Verifying        : pcre2-utf16-10.32-3.el8_6.aarch64                    21/69 
DEBUG util.py:503:    Verifying        : pcre2-utf32-10.32-3.el8_6.aarch64                    22/69 
DEBUG util.py:503:    Verifying        : perl-Carp-1.42-396.el8.noarch                        23/69 
DEBUG util.py:503:    Verifying        : perl-Encode-4:2.97-3.el8.aarch64                     24/69 
DEBUG util.py:503:    Verifying        : perl-Errno-1.28-421.el8.aarch64                      25/69 
DEBUG util.py:503:    Verifying        : perl-Exporter-5.72-396.el8.noarch                    26/69 
DEBUG util.py:503:    Verifying        : perl-File-Path-2.15-2.el8.noarch                     27/69 
DEBUG util.py:503:    Verifying        : perl-File-Temp-0.230.600-1.el8.noarch                28/69 
DEBUG util.py:503:    Verifying        : perl-Getopt-Long-1:2.50-4.el8.noarch                 29/69 
DEBUG util.py:503:    Verifying        : perl-HTTP-Tiny-0.074-1.el8.noarch                    30/69 
DEBUG util.py:503:    Verifying        : perl-IO-1.38-421.el8.aarch64                         31/69 
DEBUG util.py:503:    Verifying        : perl-MIME-Base64-3.15-396.el8.aarch64                32/69 
DEBUG util.py:503:    Verifying        : perl-PathTools-3.74-1.el8.aarch64                    33/69 
DEBUG util.py:503:    Verifying        : perl-Pod-Escapes-1:1.07-395.el8.noarch               34/69 
DEBUG util.py:503:    Verifying        : perl-Pod-Perldoc-3.28-396.el8.noarch                 35/69 
DEBUG util.py:503:    Verifying        : perl-Pod-Simple-1:3.35-395.el8.noarch                36/69 
DEBUG util.py:503:    Verifying        : perl-Pod-Usage-4:1.69-395.el8.noarch                 37/69 
DEBUG util.py:503:    Verifying        : perl-Scalar-List-Utils-3:1.49-2.el8.aarch64          38/69 
DEBUG util.py:503:    Verifying        : perl-Socket-4:2.027-3.el8.aarch64                    39/69 
DEBUG util.py:503:    Verifying        : perl-Storable-1:3.11-3.el8.aarch64                   40/69 
DEBUG util.py:503:    Verifying        : perl-Term-ANSIColor-4.06-396.el8.noarch              41/69 
DEBUG util.py:503:    Verifying        : perl-Term-Cap-1.17-395.el8.noarch                    42/69 
DEBUG util.py:503:    Verifying        : perl-Text-ParseWords-3.30-395.el8.noarch             43/69 
DEBUG util.py:503:    Verifying        : perl-Text-Tabs+Wrap-2013.0523-395.el8.noarch         44/69 
DEBUG util.py:503:    Verifying        : perl-Time-Local-1:1.280-1.el8.noarch                 45/69 
DEBUG util.py:503:    Verifying        : perl-Unicode-Normalize-1.25-396.el8.aarch64          46/69 
DEBUG util.py:503:    Verifying        : perl-constant-1.33-396.el8.noarch                    47/69 
DEBUG util.py:503:    Verifying        : perl-interpreter-4:5.26.3-421.el8.aarch64            48/69 
DEBUG util.py:503:    Verifying        : perl-libs-4:5.26.3-421.el8.aarch64                   49/69 
DEBUG util.py:503:    Verifying        : perl-macros-4:5.26.3-421.el8.aarch64                 50/69 
DEBUG util.py:503:    Verifying        : perl-parent-1:0.237-1.el8.noarch                     51/69 
DEBUG util.py:503:    Verifying        : perl-podlators-4.11-1.el8.noarch                     52/69 
DEBUG util.py:503:    Verifying        : perl-threads-1:2.21-2.el8.aarch64                    53/69 
DEBUG util.py:503:    Verifying        : perl-threads-shared-1.58-2.el8.aarch64               54/69 
DEBUG util.py:503:    Verifying        : zlib-devel-1.2.11-20.el8.aarch64                     55/69 
DEBUG util.py:503:    Verifying        : git-2.31.1-2.el8.aarch64                             56/69 
DEBUG util.py:503:    Verifying        : git-core-2.31.1-2.el8.aarch64                        57/69 
DEBUG util.py:503:    Verifying        : git-core-doc-2.31.1-2.el8.noarch                     58/69 
DEBUG util.py:503:    Verifying        : nspr-4.34.0-3.el8_6.aarch64                          59/69 
DEBUG util.py:503:    Verifying        : nss-3.79.0-10.el8_6.aarch64                          60/69 
DEBUG util.py:503:    Verifying        : nss-softokn-3.79.0-10.el8_6.aarch64                  61/69 
DEBUG util.py:503:    Verifying        : nss-softokn-freebl-3.79.0-10.el8_6.aarch64           62/69 
DEBUG util.py:503:    Verifying        : nss-sysinit-3.79.0-10.el8_6.aarch64                  63/69 
DEBUG util.py:503:    Verifying        : nss-tools-3.79.0-10.el8_6.aarch64                    64/69 
DEBUG util.py:503:    Verifying        : nss-util-3.79.0-10.el8_6.aarch64                     65/69 
DEBUG util.py:503:    Verifying        : perl-Error-1:0.17025-2.el8.noarch                    66/69 
DEBUG util.py:503:    Verifying        : perl-Git-2.31.1-2.el8.noarch                         67/69 
DEBUG util.py:503:    Verifying        : perl-TermReadKey-2.37-7.el8.aarch64                  68/69 
DEBUG util.py:503:    Verifying        : pesign-0.112-26.0.1.el8.aarch64                      69/69 
DEBUG util.py:503:  Installed:
DEBUG util.py:503:    crypto-policies-scripts-20211116-1.gitae470d6.el8.noarch                      
DEBUG util.py:503:    dos2unix-7.4.0-3.el8.aarch64                                                  
DEBUG util.py:503:    efivar-libs-37-4.el8.aarch64                                                  
DEBUG util.py:503:    elfutils-libelf-devel-0.187-4.el8.aarch64                                     
DEBUG util.py:503:    emacs-filesystem-1:26.1-7.el8.noarch                                          
DEBUG util.py:503:    git-2.31.1-2.el8.aarch64                                                      
DEBUG util.py:503:    git-core-2.31.1-2.el8.aarch64                                                 
DEBUG util.py:503:    git-core-doc-2.31.1-2.el8.noarch                                              
DEBUG util.py:503:    groff-base-1.22.3-18.el8.aarch64                                              
DEBUG util.py:503:    keyutils-libs-devel-1.5.10-9.el8.aarch64                                      
DEBUG util.py:503:    krb5-devel-1.18.2-22.0.1.el8_7.aarch64                                        
DEBUG util.py:503:    less-530-1.el8.aarch64                                                        
DEBUG util.py:503:    libcom_err-devel-1.46.2-2.el8.aarch64                                         
DEBUG util.py:503:    libedit-3.1-23.20170329cvs.el8.aarch64                                        
DEBUG util.py:503:    libkadm5-1.18.2-22.0.1.el8_7.aarch64                                          
DEBUG util.py:503:    libselinux-devel-2.9-6.el8.aarch64                                            
DEBUG util.py:503:    libsepol-devel-2.9-3.el8.aarch64                                              
DEBUG util.py:503:    libverto-devel-0.3.2-2.el8.aarch64                                            
DEBUG util.py:503:    nspr-4.34.0-3.el8_6.aarch64                                                   
DEBUG util.py:503:    nss-3.79.0-10.el8_6.aarch64                                                   
DEBUG util.py:503:    nss-softokn-3.79.0-10.el8_6.aarch64                                           
DEBUG util.py:503:    nss-softokn-freebl-3.79.0-10.el8_6.aarch64                                    
DEBUG util.py:503:    nss-sysinit-3.79.0-10.el8_6.aarch64                                           
DEBUG util.py:503:    nss-tools-3.79.0-10.el8_6.aarch64                                             
DEBUG util.py:503:    nss-util-3.79.0-10.el8_6.aarch64                                              
DEBUG util.py:503:    openssh-8.0p1-16.el8.aarch64                                                  
DEBUG util.py:503:    openssh-clients-8.0p1-16.el8.aarch64                                          
DEBUG util.py:503:    openssl-1:1.1.1k-7.el8_6.aarch64                                              
DEBUG util.py:503:    openssl-devel-1:1.1.1k-7.el8_6.aarch64                                        
DEBUG util.py:503:    pcre2-devel-10.32-3.el8_6.aarch64                                             
DEBUG util.py:503:    pcre2-utf16-10.32-3.el8_6.aarch64                                             
DEBUG util.py:503:    pcre2-utf32-10.32-3.el8_6.aarch64                                             
DEBUG util.py:503:    perl-Carp-1.42-396.el8.noarch                                                 
DEBUG util.py:503:    perl-Encode-4:2.97-3.el8.aarch64                                              
DEBUG util.py:503:    perl-Errno-1.28-421.el8.aarch64                                               
DEBUG util.py:503:    perl-Error-1:0.17025-2.el8.noarch                                             
DEBUG util.py:503:    perl-Exporter-5.72-396.el8.noarch                                             
DEBUG util.py:503:    perl-File-Path-2.15-2.el8.noarch                                              
DEBUG util.py:503:    perl-File-Temp-0.230.600-1.el8.noarch                                         
DEBUG util.py:503:    perl-Getopt-Long-1:2.50-4.el8.noarch                                          
DEBUG util.py:503:    perl-Git-2.31.1-2.el8.noarch                                                  
DEBUG util.py:503:    perl-HTTP-Tiny-0.074-1.el8.noarch                                             
DEBUG util.py:503:    perl-IO-1.38-421.el8.aarch64                                                  
DEBUG util.py:503:    perl-MIME-Base64-3.15-396.el8.aarch64                                         
DEBUG util.py:503:    perl-PathTools-3.74-1.el8.aarch64                                             
DEBUG util.py:503:    perl-Pod-Escapes-1:1.07-395.el8.noarch                                        
DEBUG util.py:503:    perl-Pod-Perldoc-3.28-396.el8.noarch                                          
DEBUG util.py:503:    perl-Pod-Simple-1:3.35-395.el8.noarch                                         
DEBUG util.py:503:    perl-Pod-Usage-4:1.69-395.el8.noarch                                          
DEBUG util.py:503:    perl-Scalar-List-Utils-3:1.49-2.el8.aarch64                                   
DEBUG util.py:503:    perl-Socket-4:2.027-3.el8.aarch64                                             
DEBUG util.py:503:    perl-Storable-1:3.11-3.el8.aarch64                                            
DEBUG util.py:503:    perl-Term-ANSIColor-4.06-396.el8.noarch                                       
DEBUG util.py:503:    perl-Term-Cap-1.17-395.el8.noarch                                             
DEBUG util.py:503:    perl-TermReadKey-2.37-7.el8.aarch64                                           
DEBUG util.py:503:    perl-Text-ParseWords-3.30-395.el8.noarch                                      
DEBUG util.py:503:    perl-Text-Tabs+Wrap-2013.0523-395.el8.noarch                                  
DEBUG util.py:503:    perl-Time-Local-1:1.280-1.el8.noarch                                          
DEBUG util.py:503:    perl-Unicode-Normalize-1.25-396.el8.aarch64                                   
DEBUG util.py:503:    perl-constant-1.33-396.el8.noarch                                             
DEBUG util.py:503:    perl-interpreter-4:5.26.3-421.el8.aarch64                                     
DEBUG util.py:503:    perl-libs-4:5.26.3-421.el8.aarch64                                            
DEBUG util.py:503:    perl-macros-4:5.26.3-421.el8.aarch64                                          
DEBUG util.py:503:    perl-parent-1:0.237-1.el8.noarch                                              
DEBUG util.py:503:    perl-podlators-4.11-1.el8.noarch                                              
DEBUG util.py:503:    perl-threads-1:2.21-2.el8.aarch64                                             
DEBUG util.py:503:    perl-threads-shared-1.58-2.el8.aarch64                                        
DEBUG util.py:503:    pesign-0.112-26.0.1.el8.aarch64                                               
DEBUG util.py:503:    zlib-devel-1.2.11-20.el8.aarch64                                              
DEBUG util.py:503:  Complete!
DEBUG util.py:645:  Child return code was: 0
DEBUG util.py:664:  child environment: None
DEBUG util.py:590:  Executing command: rpm -qa --root '/var/lib/mock/rhel8-aarch64-u7-ol8_package.pipeline-6546/root' --qf '%{nevra} %{buildtime} %{size} %{pkgid} installed\n' > result/aarch64/installed_pkgs.log with env {'TERM': 'vt100', 'SHELL': '/bin/bash', 'HOME': '/builddir', 'HOSTNAME': 'mock', 'PATH': '/usr/bin:/bin:/usr/sbin:/sbin', 'PROMPT_COMMAND': 'printf "\\033]0;<mock-chroot>\\007"', 'PS1': '<mock-chroot> \\s-\\v\\$ ', 'LANG': 'en_US.UTF-8'} and shell True
DEBUG util.py:645:  Child return code was: 0
DEBUG util.py:664:  child environment: None
DEBUG util.py:336:  Unsharing. Flags: 134217728
DEBUG backend.py:530:  Copying packages to result dir
DEBUG util.py:239:  kill orphans
DEBUG util.py:664:  child environment: None
DEBUG util.py:590:  Executing command: ['/bin/umount', '-n', '/var/lib/mock/rhel8-aarch64-u7-ol8_package.pipeline-6546/root/var/cache/yum/'] with env {'TERM': 'vt100', 'SHELL': '/bin/sh', 'HOME': '/builddir', 'HOSTNAME': 'mock', 'PATH': '/usr/bin:/bin:/usr/sbin:/sbin', 'LANG': 'en_US.UTF-8'} and shell False
DEBUG util.py:645:  Child return code was: 0
DEBUG util.py:664:  child environment: None
DEBUG util.py:590:  Executing command: ['/bin/umount', '-n', '-l', '/var/lib/mock/rhel8-aarch64-u7-ol8_package.pipeline-6546/root/dev/pts'] with env {'TERM': 'vt100', 'SHELL': '/bin/sh', 'HOME': '/builddir', 'HOSTNAME': 'mock', 'PATH': '/usr/bin:/bin:/usr/sbin:/sbin', 'LANG': 'en_US.UTF-8'} and shell False
DEBUG util.py:645:  Child return code was: 0
DEBUG util.py:664:  child environment: None
DEBUG util.py:590:  Executing command: ['/bin/umount', '-n', '-l', '/var/lib/mock/rhel8-aarch64-u7-ol8_package.pipeline-6546/root/dev/shm'] with env {'TERM': 'vt100', 'SHELL': '/bin/sh', 'HOME': '/builddir', 'HOSTNAME': 'mock', 'PATH': '/usr/bin:/bin:/usr/sbin:/sbin', 'LANG': 'en_US.UTF-8'} and shell False
DEBUG util.py:645:  Child return code was: 0
DEBUG util.py:664:  child environment: None
DEBUG util.py:590:  Executing command: ['/bin/umount', '-n', '-l', '/var/lib/mock/rhel8-aarch64-u7-ol8_package.pipeline-6546/root/sys'] with env {'TERM': 'vt100', 'SHELL': '/bin/sh', 'HOME': '/builddir', 'HOSTNAME': 'mock', 'PATH': '/usr/bin:/bin:/usr/sbin:/sbin', 'LANG': 'en_US.UTF-8'} and shell False
DEBUG util.py:645:  Child return code was: 0
DEBUG util.py:664:  child environment: None
DEBUG util.py:590:  Executing command: ['/bin/umount', '-n', '-l', '/var/lib/mock/rhel8-aarch64-u7-ol8_package.pipeline-6546/root/proc'] with env {'TERM': 'vt100', 'SHELL': '/bin/sh', 'HOME': '/builddir', 'HOSTNAME': 'mock', 'PATH': '/usr/bin:/bin:/usr/sbin:/sbin', 'LANG': 'en_US.UTF-8'} and shell False
DEBUG util.py:645:  Child return code was: 0
DEBUG util.py:664:  child environment: None
DEBUG util.py:590:  Executing command: ['btrfs', 'subv', 'list', '/var/lib/mock'] with env {'TERM': 'vt100', 'SHELL': '/bin/sh', 'HOME': '/builddir', 'HOSTNAME': 'mock', 'PATH': '/usr/bin:/bin:/usr/sbin:/sbin', 'LANG': 'en_US.UTF-8'} and shell False
DEBUG util.py:501:  BUILDSTDERR: ERROR: not a btrfs filesystem: /var/lib/mock
DEBUG util.py:501:  BUILDSTDERR: ERROR: can't access '/var/lib/mock'
DEBUG util.py:645:  Child return code was: 1
DEBUG util.py:1407:  Please ignore the error above above about btrfs.
