INFO buildroot.py:350:  Mock Version: 1.4.13
DEBUG util.py:116:  ensuring that dir exists: /var/lib/mock/rhel8-x86_64-u9-ol8_package.pipeline-13524/root/dev/pts
DEBUG util.py:119:  creating dir: /var/lib/mock/rhel8-x86_64-u9-ol8_package.pipeline-13524/root/dev/pts
DEBUG util.py:116:  ensuring that dir exists: /var/lib/mock/rhel8-x86_64-u9-ol8_package.pipeline-13524/root/dev/shm
DEBUG util.py:119:  creating dir: /var/lib/mock/rhel8-x86_64-u9-ol8_package.pipeline-13524/root/dev/shm
DEBUG buildroot.py:481:  kernel version == 5.15.0-104.119.4.2.el8uek.x86_64
DEBUG util.py:129:  touching file: /var/lib/mock/rhel8-x86_64-u9-ol8_package.pipeline-13524/root/etc/fstab
DEBUG util.py:129:  touching file: /var/lib/mock/rhel8-x86_64-u9-ol8_package.pipeline-13524/root/etc/yum/yum.conf
DEBUG util.py:129:  touching file: /var/lib/mock/rhel8-x86_64-u9-ol8_package.pipeline-13524/root/etc/dnf/dnf.conf
DEBUG util.py:129:  touching file: /var/lib/mock/rhel8-x86_64-u9-ol8_package.pipeline-13524/root/var/log/yum.log
DEBUG util.py:116:  ensuring that dir exists: /var/lib/mock/rhel8-x86_64-u9-ol8_package.pipeline-13524/root/proc
DEBUG util.py:664:  child environment: None
DEBUG util.py:590:  Executing command: ['/bin/mount', '-n', '-t', 'proc', 'proc', '/var/lib/mock/rhel8-x86_64-u9-ol8_package.pipeline-13524/root/proc'] with env {'TERM': 'vt100', 'SHELL': '/bin/sh', 'HOME': '/builddir', 'HOSTNAME': 'mock', 'PATH': '/usr/bin:/bin:/usr/sbin:/sbin', 'LANG': 'en_US.UTF-8'} and shell False
DEBUG util.py:645:  Child return code was: 0
DEBUG util.py:116:  ensuring that dir exists: /var/lib/mock/rhel8-x86_64-u9-ol8_package.pipeline-13524/root/sys
DEBUG util.py:664:  child environment: None
DEBUG util.py:590:  Executing command: ['/bin/mount', '-n', '-t', 'sysfs', 'sysfs', '/var/lib/mock/rhel8-x86_64-u9-ol8_package.pipeline-13524/root/sys'] with env {'TERM': 'vt100', 'SHELL': '/bin/sh', 'HOME': '/builddir', 'HOSTNAME': 'mock', 'PATH': '/usr/bin:/bin:/usr/sbin:/sbin', 'LANG': 'en_US.UTF-8'} and shell False
DEBUG util.py:645:  Child return code was: 0
DEBUG util.py:116:  ensuring that dir exists: /var/lib/mock/rhel8-x86_64-u9-ol8_package.pipeline-13524/root/dev/shm
DEBUG util.py:664:  child environment: None
DEBUG util.py:590:  Executing command: ['/bin/mount', '-n', '-t', 'tmpfs', 'tmpfs', '/var/lib/mock/rhel8-x86_64-u9-ol8_package.pipeline-13524/root/dev/shm'] with env {'TERM': 'vt100', 'SHELL': '/bin/sh', 'HOME': '/builddir', 'HOSTNAME': 'mock', 'PATH': '/usr/bin:/bin:/usr/sbin:/sbin', 'LANG': 'en_US.UTF-8'} and shell False
DEBUG util.py:645:  Child return code was: 0
DEBUG util.py:116:  ensuring that dir exists: /var/lib/mock/rhel8-x86_64-u9-ol8_package.pipeline-13524/root/dev/pts
DEBUG util.py:664:  child environment: None
DEBUG util.py:590:  Executing command: ['/bin/mount', '-n', '-t', 'devpts', '-o', 'gid=5,mode=0620,ptmxmode=0666,newinstance', 'devpts', '/var/lib/mock/rhel8-x86_64-u9-ol8_package.pipeline-13524/root/dev/pts'] with env {'TERM': 'vt100', 'SHELL': '/bin/sh', 'HOME': '/builddir', 'HOSTNAME': 'mock', 'PATH': '/usr/bin:/bin:/usr/sbin:/sbin', 'LANG': 'en_US.UTF-8'} and shell False
DEBUG util.py:645:  Child return code was: 0
DEBUG util.py:116:  ensuring that dir exists: /var/lib/mock/rhel8-x86_64-u9-ol8_package.pipeline-13524/root/var/cache/yum/
DEBUG util.py:664:  child environment: None
DEBUG util.py:590:  Executing command: ['/bin/mount', '-n', '--bind', '/var/cache/mock/rhel8-x86_64-u9/yum_cache/', '/var/lib/mock/rhel8-x86_64-u9-ol8_package.pipeline-13524/root/var/cache/yum/'] with env {'TERM': 'vt100', 'SHELL': '/bin/sh', 'HOME': '/builddir', 'HOSTNAME': 'mock', 'PATH': '/usr/bin:/bin:/usr/sbin:/sbin', 'LANG': 'en_US.UTF-8'} and shell False
DEBUG util.py:645:  Child return code was: 0
DEBUG buildroot.py:143:  rootdir = /var/lib/mock/rhel8-x86_64-u9-ol8_package.pipeline-13524/root
DEBUG buildroot.py:144:  resultdir = result/x86_64
DEBUG util.py:116:  ensuring that dir exists: /var/lib/mock/rhel8-x86_64-u9-ol8_package.pipeline-13524/root/etc/pki/mock
DEBUG util.py:116:  ensuring that dir exists: /var/lib/mock/rhel8-x86_64-u9-ol8_package.pipeline-13524/root/etc/yum/pluginconf.d.real
DEBUG package_manager.py:256:  configure yum
DEBUG package_manager.py:268:  configure yum priorities
DEBUG package_manager.py:270:  configure yum rhnplugin
DEBUG util.py:664:  child environment: None
DEBUG util.py:590:  Executing command: ['/usr/sbin/usermod', '-u', '1039', '--non-unique', 'mockbuild'] with env {'TERM': 'vt100', 'SHELL': '/bin/bash', 'HOME': '/builddir', 'HOSTNAME': 'mock', 'PATH': '/usr/bin:/bin:/usr/sbin:/sbin', 'PROMPT_COMMAND': 'printf "\\033]0;<mock-chroot>\\007"', 'PS1': '<mock-chroot> \\s-\\v\\$ ', 'LANG': 'en_US.UTF-8'} and shell False
DEBUG util.py:336:  Unsharing. Flags: 134217728
DEBUG util.py:501:  BUILDSTDERR: usermod: no changes
DEBUG util.py:645:  Child return code was: 0
DEBUG util.py:129:  touching file: /var/lib/mock/rhel8-x86_64-u9-ol8_package.pipeline-13524/root/.initialized
DEBUG util.py:239:  kill orphans
DEBUG util.py:664:  child environment: None
DEBUG util.py:590:  Executing command: ['/bin/umount', '-n', '/var/lib/mock/rhel8-x86_64-u9-ol8_package.pipeline-13524/root/var/cache/yum/'] with env {'TERM': 'vt100', 'SHELL': '/bin/sh', 'HOME': '/builddir', 'HOSTNAME': 'mock', 'PATH': '/usr/bin:/bin:/usr/sbin:/sbin', 'LANG': 'en_US.UTF-8'} and shell False
DEBUG util.py:645:  Child return code was: 0
DEBUG util.py:664:  child environment: None
DEBUG util.py:590:  Executing command: ['/bin/umount', '-n', '-l', '/var/lib/mock/rhel8-x86_64-u9-ol8_package.pipeline-13524/root/dev/pts'] with env {'TERM': 'vt100', 'SHELL': '/bin/sh', 'HOME': '/builddir', 'HOSTNAME': 'mock', 'PATH': '/usr/bin:/bin:/usr/sbin:/sbin', 'LANG': 'en_US.UTF-8'} and shell False
DEBUG util.py:645:  Child return code was: 0
DEBUG util.py:664:  child environment: None
DEBUG util.py:590:  Executing command: ['/bin/umount', '-n', '-l', '/var/lib/mock/rhel8-x86_64-u9-ol8_package.pipeline-13524/root/dev/shm'] with env {'TERM': 'vt100', 'SHELL': '/bin/sh', 'HOME': '/builddir', 'HOSTNAME': 'mock', 'PATH': '/usr/bin:/bin:/usr/sbin:/sbin', 'LANG': 'en_US.UTF-8'} and shell False
DEBUG util.py:645:  Child return code was: 0
DEBUG util.py:664:  child environment: None
DEBUG util.py:590:  Executing command: ['/bin/umount', '-n', '-l', '/var/lib/mock/rhel8-x86_64-u9-ol8_package.pipeline-13524/root/sys'] with env {'TERM': 'vt100', 'SHELL': '/bin/sh', 'HOME': '/builddir', 'HOSTNAME': 'mock', 'PATH': '/usr/bin:/bin:/usr/sbin:/sbin', 'LANG': 'en_US.UTF-8'} and shell False
DEBUG util.py:645:  Child return code was: 0
DEBUG util.py:664:  child environment: None
DEBUG util.py:590:  Executing command: ['/bin/umount', '-n', '-l', '/var/lib/mock/rhel8-x86_64-u9-ol8_package.pipeline-13524/root/proc'] with env {'TERM': 'vt100', 'SHELL': '/bin/sh', 'HOME': '/builddir', 'HOSTNAME': 'mock', 'PATH': '/usr/bin:/bin:/usr/sbin:/sbin', 'LANG': 'en_US.UTF-8'} and shell False
DEBUG util.py:645:  Child return code was: 0
INFO buildroot.py:350:  Mock Version: 1.4.13
DEBUG util.py:116:  ensuring that dir exists: /var/lib/mock/rhel8-x86_64-u9-ol8_package.pipeline-13524/root/dev/pts
DEBUG util.py:116:  ensuring that dir exists: /var/lib/mock/rhel8-x86_64-u9-ol8_package.pipeline-13524/root/dev/shm
DEBUG buildroot.py:481:  kernel version == 5.15.0-104.119.4.2.el8uek.x86_64
DEBUG util.py:129:  touching file: /var/lib/mock/rhel8-x86_64-u9-ol8_package.pipeline-13524/root/etc/fstab
DEBUG util.py:129:  touching file: /var/lib/mock/rhel8-x86_64-u9-ol8_package.pipeline-13524/root/etc/yum/yum.conf
DEBUG util.py:129:  touching file: /var/lib/mock/rhel8-x86_64-u9-ol8_package.pipeline-13524/root/etc/dnf/dnf.conf
DEBUG util.py:129:  touching file: /var/lib/mock/rhel8-x86_64-u9-ol8_package.pipeline-13524/root/var/log/yum.log
DEBUG util.py:116:  ensuring that dir exists: /var/lib/mock/rhel8-x86_64-u9-ol8_package.pipeline-13524/root/proc
DEBUG util.py:664:  child environment: None
DEBUG util.py:590:  Executing command: ['/bin/mount', '-n', '-t', 'proc', 'proc', '/var/lib/mock/rhel8-x86_64-u9-ol8_package.pipeline-13524/root/proc'] with env {'TERM': 'vt100', 'SHELL': '/bin/sh', 'HOME': '/builddir', 'HOSTNAME': 'mock', 'PATH': '/usr/bin:/bin:/usr/sbin:/sbin', 'LANG': 'en_US.UTF-8'} and shell False
DEBUG util.py:645:  Child return code was: 0
DEBUG util.py:116:  ensuring that dir exists: /var/lib/mock/rhel8-x86_64-u9-ol8_package.pipeline-13524/root/sys
DEBUG util.py:664:  child environment: None
DEBUG util.py:590:  Executing command: ['/bin/mount', '-n', '-t', 'sysfs', 'sysfs', '/var/lib/mock/rhel8-x86_64-u9-ol8_package.pipeline-13524/root/sys'] with env {'TERM': 'vt100', 'SHELL': '/bin/sh', 'HOME': '/builddir', 'HOSTNAME': 'mock', 'PATH': '/usr/bin:/bin:/usr/sbin:/sbin', 'LANG': 'en_US.UTF-8'} and shell False
DEBUG util.py:645:  Child return code was: 0
DEBUG util.py:116:  ensuring that dir exists: /var/lib/mock/rhel8-x86_64-u9-ol8_package.pipeline-13524/root/dev/shm
DEBUG util.py:664:  child environment: None
DEBUG util.py:590:  Executing command: ['/bin/mount', '-n', '-t', 'tmpfs', 'tmpfs', '/var/lib/mock/rhel8-x86_64-u9-ol8_package.pipeline-13524/root/dev/shm'] with env {'TERM': 'vt100', 'SHELL': '/bin/sh', 'HOME': '/builddir', 'HOSTNAME': 'mock', 'PATH': '/usr/bin:/bin:/usr/sbin:/sbin', 'LANG': 'en_US.UTF-8'} and shell False
DEBUG util.py:645:  Child return code was: 0
DEBUG util.py:116:  ensuring that dir exists: /var/lib/mock/rhel8-x86_64-u9-ol8_package.pipeline-13524/root/dev/pts
DEBUG util.py:664:  child environment: None
DEBUG util.py:590:  Executing command: ['/bin/mount', '-n', '-t', 'devpts', '-o', 'gid=5,mode=0620,ptmxmode=0666,newinstance', 'devpts', '/var/lib/mock/rhel8-x86_64-u9-ol8_package.pipeline-13524/root/dev/pts'] with env {'TERM': 'vt100', 'SHELL': '/bin/sh', 'HOME': '/builddir', 'HOSTNAME': 'mock', 'PATH': '/usr/bin:/bin:/usr/sbin:/sbin', 'LANG': 'en_US.UTF-8'} and shell False
DEBUG util.py:645:  Child return code was: 0
DEBUG util.py:116:  ensuring that dir exists: /var/lib/mock/rhel8-x86_64-u9-ol8_package.pipeline-13524/root/var/cache/yum/
DEBUG util.py:664:  child environment: None
DEBUG util.py:590:  Executing command: ['/bin/mount', '-n', '--bind', '/var/cache/mock/rhel8-x86_64-u9/yum_cache/', '/var/lib/mock/rhel8-x86_64-u9-ol8_package.pipeline-13524/root/var/cache/yum/'] with env {'TERM': 'vt100', 'SHELL': '/bin/sh', 'HOME': '/builddir', 'HOSTNAME': 'mock', 'PATH': '/usr/bin:/bin:/usr/sbin:/sbin', 'LANG': 'en_US.UTF-8'} and shell False
DEBUG util.py:645:  Child return code was: 0
DEBUG buildroot.py:143:  rootdir = /var/lib/mock/rhel8-x86_64-u9-ol8_package.pipeline-13524/root
DEBUG buildroot.py:144:  resultdir = result/x86_64
DEBUG util.py:116:  ensuring that dir exists: /var/lib/mock/rhel8-x86_64-u9-ol8_package.pipeline-13524/root/etc/pki/mock
DEBUG util.py:116:  ensuring that dir exists: /var/lib/mock/rhel8-x86_64-u9-ol8_package.pipeline-13524/root/etc/yum/pluginconf.d.real
DEBUG package_manager.py:256:  configure yum
DEBUG package_manager.py:268:  configure yum priorities
DEBUG package_manager.py:270:  configure yum rhnplugin
DEBUG util.py:664:  child environment: None
DEBUG util.py:590:  Executing command: ['/usr/sbin/usermod', '-u', '1039', '--non-unique', 'mockbuild'] with env {'TERM': 'vt100', 'SHELL': '/bin/bash', 'HOME': '/builddir', 'HOSTNAME': 'mock', 'PATH': '/usr/bin:/bin:/usr/sbin:/sbin', 'PROMPT_COMMAND': 'printf "\\033]0;<mock-chroot>\\007"', 'PS1': '<mock-chroot> \\s-\\v\\$ ', 'LANG': 'en_US.UTF-8'} and shell False
DEBUG util.py:336:  Unsharing. Flags: 134217728
DEBUG util.py:501:  BUILDSTDERR: usermod: no changes
DEBUG util.py:645:  Child return code was: 0
DEBUG util.py:129:  touching file: /var/lib/mock/rhel8-x86_64-u9-ol8_package.pipeline-13524/root/.initialized
INFO backend.py:349:  Running in chroot: ['rpm', '--rebuilddb']
DEBUG util.py:664:  child environment: None
DEBUG util.py:590:  Executing command: ['rpm', '--rebuilddb'] with env {'TERM': 'vt100', 'SHELL': '/bin/bash', 'HOME': '/builddir', 'HOSTNAME': 'mock', 'PATH': '/usr/bin:/bin:/usr/sbin:/sbin', 'PROMPT_COMMAND': 'printf "\\033]0;<mock-chroot>\\007"', 'PS1': '<mock-chroot> \\s-\\v\\$ ', 'LANG': 'en_US.UTF-8'} and shell False
DEBUG util.py:336:  Unsharing. Flags: 134217728
DEBUG util.py:645:  Child return code was: 0
DEBUG util.py:239:  kill orphans
DEBUG util.py:664:  child environment: None
DEBUG util.py:590:  Executing command: ['/bin/umount', '-n', '/var/lib/mock/rhel8-x86_64-u9-ol8_package.pipeline-13524/root/var/cache/yum/'] with env {'TERM': 'vt100', 'SHELL': '/bin/sh', 'HOME': '/builddir', 'HOSTNAME': 'mock', 'PATH': '/usr/bin:/bin:/usr/sbin:/sbin', 'LANG': 'en_US.UTF-8'} and shell False
DEBUG util.py:645:  Child return code was: 0
DEBUG util.py:664:  child environment: None
DEBUG util.py:590:  Executing command: ['/bin/umount', '-n', '-l', '/var/lib/mock/rhel8-x86_64-u9-ol8_package.pipeline-13524/root/dev/pts'] with env {'TERM': 'vt100', 'SHELL': '/bin/sh', 'HOME': '/builddir', 'HOSTNAME': 'mock', 'PATH': '/usr/bin:/bin:/usr/sbin:/sbin', 'LANG': 'en_US.UTF-8'} and shell False
DEBUG util.py:645:  Child return code was: 0
DEBUG util.py:664:  child environment: None
DEBUG util.py:590:  Executing command: ['/bin/umount', '-n', '-l', '/var/lib/mock/rhel8-x86_64-u9-ol8_package.pipeline-13524/root/dev/shm'] with env {'TERM': 'vt100', 'SHELL': '/bin/sh', 'HOME': '/builddir', 'HOSTNAME': 'mock', 'PATH': '/usr/bin:/bin:/usr/sbin:/sbin', 'LANG': 'en_US.UTF-8'} and shell False
DEBUG util.py:645:  Child return code was: 0
DEBUG util.py:664:  child environment: None
DEBUG util.py:590:  Executing command: ['/bin/umount', '-n', '-l', '/var/lib/mock/rhel8-x86_64-u9-ol8_package.pipeline-13524/root/sys'] with env {'TERM': 'vt100', 'SHELL': '/bin/sh', 'HOME': '/builddir', 'HOSTNAME': 'mock', 'PATH': '/usr/bin:/bin:/usr/sbin:/sbin', 'LANG': 'en_US.UTF-8'} and shell False
DEBUG util.py:645:  Child return code was: 0
DEBUG util.py:664:  child environment: None
DEBUG util.py:590:  Executing command: ['/bin/umount', '-n', '-l', '/var/lib/mock/rhel8-x86_64-u9-ol8_package.pipeline-13524/root/proc'] with env {'TERM': 'vt100', 'SHELL': '/bin/sh', 'HOME': '/builddir', 'HOSTNAME': 'mock', 'PATH': '/usr/bin:/bin:/usr/sbin:/sbin', 'LANG': 'en_US.UTF-8'} and shell False
DEBUG util.py:645:  Child return code was: 0
INFO buildroot.py:350:  Mock Version: 1.4.13
DEBUG util.py:116:  ensuring that dir exists: /var/lib/mock/rhel8-x86_64-u9-ol8_package.pipeline-13524/root/dev/pts
DEBUG util.py:116:  ensuring that dir exists: /var/lib/mock/rhel8-x86_64-u9-ol8_package.pipeline-13524/root/dev/shm
DEBUG buildroot.py:481:  kernel version == 5.15.0-104.119.4.2.el8uek.x86_64
DEBUG util.py:129:  touching file: /var/lib/mock/rhel8-x86_64-u9-ol8_package.pipeline-13524/root/etc/fstab
DEBUG util.py:129:  touching file: /var/lib/mock/rhel8-x86_64-u9-ol8_package.pipeline-13524/root/etc/yum/yum.conf
DEBUG util.py:129:  touching file: /var/lib/mock/rhel8-x86_64-u9-ol8_package.pipeline-13524/root/etc/dnf/dnf.conf
DEBUG util.py:129:  touching file: /var/lib/mock/rhel8-x86_64-u9-ol8_package.pipeline-13524/root/var/log/yum.log
DEBUG util.py:116:  ensuring that dir exists: /var/lib/mock/rhel8-x86_64-u9-ol8_package.pipeline-13524/root/proc
DEBUG util.py:664:  child environment: None
DEBUG util.py:590:  Executing command: ['/bin/mount', '-n', '-t', 'proc', 'proc', '/var/lib/mock/rhel8-x86_64-u9-ol8_package.pipeline-13524/root/proc'] with env {'TERM': 'vt100', 'SHELL': '/bin/sh', 'HOME': '/builddir', 'HOSTNAME': 'mock', 'PATH': '/usr/bin:/bin:/usr/sbin:/sbin', 'LANG': 'en_US.UTF-8'} and shell False
DEBUG util.py:645:  Child return code was: 0
DEBUG util.py:116:  ensuring that dir exists: /var/lib/mock/rhel8-x86_64-u9-ol8_package.pipeline-13524/root/sys
DEBUG util.py:664:  child environment: None
DEBUG util.py:590:  Executing command: ['/bin/mount', '-n', '-t', 'sysfs', 'sysfs', '/var/lib/mock/rhel8-x86_64-u9-ol8_package.pipeline-13524/root/sys'] with env {'TERM': 'vt100', 'SHELL': '/bin/sh', 'HOME': '/builddir', 'HOSTNAME': 'mock', 'PATH': '/usr/bin:/bin:/usr/sbin:/sbin', 'LANG': 'en_US.UTF-8'} and shell False
DEBUG util.py:645:  Child return code was: 0
DEBUG util.py:116:  ensuring that dir exists: /var/lib/mock/rhel8-x86_64-u9-ol8_package.pipeline-13524/root/dev/shm
DEBUG util.py:664:  child environment: None
DEBUG util.py:590:  Executing command: ['/bin/mount', '-n', '-t', 'tmpfs', 'tmpfs', '/var/lib/mock/rhel8-x86_64-u9-ol8_package.pipeline-13524/root/dev/shm'] with env {'TERM': 'vt100', 'SHELL': '/bin/sh', 'HOME': '/builddir', 'HOSTNAME': 'mock', 'PATH': '/usr/bin:/bin:/usr/sbin:/sbin', 'LANG': 'en_US.UTF-8'} and shell False
DEBUG util.py:645:  Child return code was: 0
DEBUG util.py:116:  ensuring that dir exists: /var/lib/mock/rhel8-x86_64-u9-ol8_package.pipeline-13524/root/dev/pts
DEBUG util.py:664:  child environment: None
DEBUG util.py:590:  Executing command: ['/bin/mount', '-n', '-t', 'devpts', '-o', 'gid=5,mode=0620,ptmxmode=0666,newinstance', 'devpts', '/var/lib/mock/rhel8-x86_64-u9-ol8_package.pipeline-13524/root/dev/pts'] with env {'TERM': 'vt100', 'SHELL': '/bin/sh', 'HOME': '/builddir', 'HOSTNAME': 'mock', 'PATH': '/usr/bin:/bin:/usr/sbin:/sbin', 'LANG': 'en_US.UTF-8'} and shell False
DEBUG util.py:645:  Child return code was: 0
DEBUG util.py:116:  ensuring that dir exists: /var/lib/mock/rhel8-x86_64-u9-ol8_package.pipeline-13524/root/var/cache/yum/
DEBUG util.py:664:  child environment: None
DEBUG util.py:590:  Executing command: ['/bin/mount', '-n', '--bind', '/var/cache/mock/rhel8-x86_64-u9/yum_cache/', '/var/lib/mock/rhel8-x86_64-u9-ol8_package.pipeline-13524/root/var/cache/yum/'] with env {'TERM': 'vt100', 'SHELL': '/bin/sh', 'HOME': '/builddir', 'HOSTNAME': 'mock', 'PATH': '/usr/bin:/bin:/usr/sbin:/sbin', 'LANG': 'en_US.UTF-8'} and shell False
DEBUG util.py:645:  Child return code was: 0
DEBUG buildroot.py:143:  rootdir = /var/lib/mock/rhel8-x86_64-u9-ol8_package.pipeline-13524/root
DEBUG buildroot.py:144:  resultdir = result/x86_64
DEBUG util.py:116:  ensuring that dir exists: /var/lib/mock/rhel8-x86_64-u9-ol8_package.pipeline-13524/root/etc/pki/mock
DEBUG util.py:116:  ensuring that dir exists: /var/lib/mock/rhel8-x86_64-u9-ol8_package.pipeline-13524/root/etc/yum/pluginconf.d.real
DEBUG package_manager.py:256:  configure yum
DEBUG package_manager.py:268:  configure yum priorities
DEBUG package_manager.py:270:  configure yum rhnplugin
DEBUG util.py:664:  child environment: None
DEBUG util.py:590:  Executing command: ['/usr/sbin/userdel', '-f', 'mockbuild'] with env {'TERM': 'vt100', 'SHELL': '/bin/bash', 'HOME': '/builddir', 'HOSTNAME': 'mock', 'PATH': '/usr/bin:/bin:/usr/sbin:/sbin', 'PROMPT_COMMAND': 'printf "\\033]0;<mock-chroot>\\007"', 'PS1': '<mock-chroot> \\s-\\v\\$ ', 'LANG': 'en_US.UTF-8'} and shell False
DEBUG util.py:336:  Unsharing. Flags: 134217728
DEBUG util.py:645:  Child return code was: 0
DEBUG util.py:664:  child environment: None
DEBUG util.py:590:  Executing command: ['/usr/sbin/groupdel', 'mock'] with env {'TERM': 'vt100', 'SHELL': '/bin/bash', 'HOME': '/builddir', 'HOSTNAME': 'mock', 'PATH': '/usr/bin:/bin:/usr/sbin:/sbin', 'PROMPT_COMMAND': 'printf "\\033]0;<mock-chroot>\\007"', 'PS1': '<mock-chroot> \\s-\\v\\$ ', 'LANG': 'en_US.UTF-8'} and shell False
DEBUG util.py:336:  Unsharing. Flags: 134217728
DEBUG util.py:645:  Child return code was: 0
DEBUG util.py:664:  child environment: None
DEBUG util.py:590:  Executing command: ['/usr/sbin/groupadd', '-g', '135', 'mock'] with env {'TERM': 'vt100', 'SHELL': '/bin/bash', 'HOME': '/builddir', 'HOSTNAME': 'mock', 'PATH': '/usr/bin:/bin:/usr/sbin:/sbin', 'PROMPT_COMMAND': 'printf "\\033]0;<mock-chroot>\\007"', 'PS1': '<mock-chroot> \\s-\\v\\$ ', 'LANG': 'en_US.UTF-8'} and shell False
DEBUG util.py:336:  Unsharing. Flags: 134217728
DEBUG util.py:645:  Child return code was: 0
DEBUG util.py:664:  child environment: None
DEBUG util.py:590:  Executing command: ['/usr/sbin/useradd', '-o', '-m', '-u', '1039', '-g', '135', '-d', '/builddir', '-n', 'mockbuild'] with env {'TERM': 'vt100', 'SHELL': '/bin/bash', 'HOME': '/builddir', 'HOSTNAME': 'mock', 'PATH': '/usr/bin:/bin:/usr/sbin:/sbin', 'PROMPT_COMMAND': 'printf "\\033]0;<mock-chroot>\\007"', 'PS1': '<mock-chroot> \\s-\\v\\$ ', 'LANG': 'en_US.UTF-8'} and shell False
DEBUG util.py:336:  Unsharing. Flags: 134217728
DEBUG util.py:501:  BUILDSTDERR: useradd: warning: the home directory already exists.
DEBUG util.py:501:  BUILDSTDERR: Not copying any file from skel directory into it.
DEBUG util.py:501:  BUILDSTDERR: Creating mailbox file: File exists
DEBUG util.py:645:  Child return code was: 0
DEBUG util.py:116:  ensuring that dir exists: /var/lib/mock/rhel8-x86_64-u9-ol8_package.pipeline-13524/root/builddir/build/RPMS
DEBUG util.py:119:  creating dir: /var/lib/mock/rhel8-x86_64-u9-ol8_package.pipeline-13524/root/builddir/build/RPMS
DEBUG util.py:116:  ensuring that dir exists: /var/lib/mock/rhel8-x86_64-u9-ol8_package.pipeline-13524/root/builddir/build/SPECS
DEBUG util.py:119:  creating dir: /var/lib/mock/rhel8-x86_64-u9-ol8_package.pipeline-13524/root/builddir/build/SPECS
DEBUG util.py:116:  ensuring that dir exists: /var/lib/mock/rhel8-x86_64-u9-ol8_package.pipeline-13524/root/builddir/build/SRPMS
DEBUG util.py:119:  creating dir: /var/lib/mock/rhel8-x86_64-u9-ol8_package.pipeline-13524/root/builddir/build/SRPMS
DEBUG util.py:116:  ensuring that dir exists: /var/lib/mock/rhel8-x86_64-u9-ol8_package.pipeline-13524/root/builddir/build/SOURCES
DEBUG util.py:116:  ensuring that dir exists: /var/lib/mock/rhel8-x86_64-u9-ol8_package.pipeline-13524/root/builddir/build/BUILD
DEBUG util.py:119:  creating dir: /var/lib/mock/rhel8-x86_64-u9-ol8_package.pipeline-13524/root/builddir/build/BUILD
DEBUG util.py:116:  ensuring that dir exists: /var/lib/mock/rhel8-x86_64-u9-ol8_package.pipeline-13524/root/builddir/build/BUILDROOT
DEBUG util.py:119:  creating dir: /var/lib/mock/rhel8-x86_64-u9-ol8_package.pipeline-13524/root/builddir/build/BUILDROOT
DEBUG util.py:116:  ensuring that dir exists: /var/lib/mock/rhel8-x86_64-u9-ol8_package.pipeline-13524/root/builddir/build/originals
DEBUG util.py:119:  creating dir: /var/lib/mock/rhel8-x86_64-u9-ol8_package.pipeline-13524/root/builddir/build/originals
DEBUG util.py:129:  touching file: /var/lib/mock/rhel8-x86_64-u9-ol8_package.pipeline-13524/root/.initialized
DEBUG util.py:664:  child environment: None
DEBUG util.py:590:  Executing command: ['/bin/rpm', '-Uvh', '--nodeps', '/builddir/build/originals/shim-unsigned-x64-15.8-1.0.3.el8.src.rpm'] with env {'TERM': 'vt100', 'SHELL': '/bin/bash', 'HOME': '/builddir', 'HOSTNAME': 'mock', 'PATH': '/usr/bin:/bin:/usr/sbin:/sbin', 'PROMPT_COMMAND': 'printf "\\033]0;<mock-chroot>\\007"', 'PS1': '<mock-chroot> \\s-\\v\\$ ', 'LANG': 'en_US.UTF-8'} and shell False
DEBUG util.py:336:  Unsharing. Flags: 134217728
DEBUG util.py:503:  Updating / installing...
DEBUG util.py:503:  shim-unsigned-x64-15.8-1.0.3.el8      ########################################
DEBUG util.py:645:  Child return code was: 0
DEBUG util.py:664:  child environment: None
DEBUG util.py:590:  Executing command: ['/bin/rpm', '-qpl', '/builddir/build/originals/shim-unsigned-x64-15.8-1.0.3.el8.src.rpm'] with env {'TERM': 'vt100', 'SHELL': '/bin/bash', 'HOME': '/builddir', 'HOSTNAME': 'mock', 'PATH': '/usr/bin:/bin:/usr/sbin:/sbin', 'PROMPT_COMMAND': 'printf "\\033]0;<mock-chroot>\\007"', 'PS1': '<mock-chroot> \\s-\\v\\$ ', 'LANG': 'en_US.UTF-8'} and shell False
DEBUG util.py:336:  Unsharing. Flags: 134217728
DEBUG util.py:503:  dbx.esl
DEBUG util.py:503:  sbat.oracle.csv
DEBUG util.py:503:  shim-15.8.tar.bz2
DEBUG util.py:503:  shim-find-debuginfo.sh
DEBUG util.py:503:  shim-unsigned-x64.spec
DEBUG util.py:503:  shim.patches
DEBUG util.py:503:  vendor_db.esl
DEBUG util.py:645:  Child return code was: 0
DEBUG util.py:664:  child environment: None
DEBUG util.py:336:  Unsharing. Flags: 134217728
DEBUG package_manager.py:118:  ['/usr/bin/yum-builddep', '--installroot', '/var/lib/mock/rhel8-x86_64-u9-ol8_package.pipeline-13524/root/', '/var/lib/mock/rhel8-x86_64-u9-ol8_package.pipeline-13524/root//builddir/build/SRPMS/shim-unsigned-x64-15.8-1.0.3.el8.src.rpm']
DEBUG util.py:664:  child environment: None
DEBUG util.py:590:  Executing command: ['/usr/bin/yum-builddep', '--installroot', '/var/lib/mock/rhel8-x86_64-u9-ol8_package.pipeline-13524/root/', '/var/lib/mock/rhel8-x86_64-u9-ol8_package.pipeline-13524/root//builddir/build/SRPMS/shim-unsigned-x64-15.8-1.0.3.el8.src.rpm'] with env {'TERM': 'vt100', 'SHELL': '/bin/bash', 'HOME': '/builddir', 'HOSTNAME': 'mock', 'PATH': '/usr/bin:/bin:/usr/sbin:/sbin', 'PROMPT_COMMAND': 'printf "\\033]0;<mock-chroot>\\007"', 'PS1': '<mock-chroot> \\s-\\v\\$ ', 'LANG': 'en_US.UTF-8', 'LC_MESSAGES': 'C.UTF-8'} and shell False
DEBUG util.py:503:  public_baseos                                   100 kB/s | 3.6 kB     00:00    
DEBUG util.py:503:  public_u8                                        61 kB/s | 3.6 kB     00:00    
DEBUG util.py:503:  public_u7                                       104 kB/s | 3.6 kB     00:00    
DEBUG util.py:503:  public_u6                                       108 kB/s | 3.6 kB     00:00    
DEBUG util.py:503:  public_u5                                       151 kB/s | 3.6 kB     00:00    
DEBUG util.py:503:  public_u4                                        68 kB/s | 2.7 kB     00:00    
DEBUG util.py:503:  public_u3                                        52 kB/s | 2.7 kB     00:00    
DEBUG util.py:503:  public_u2                                        66 kB/s | 2.7 kB     00:00    
DEBUG util.py:503:  public_u1                                        50 kB/s | 3.4 kB     00:00    
DEBUG util.py:503:  public_ga                                        54 kB/s | 3.4 kB     00:00    
DEBUG util.py:503:  public_appstream                                123 kB/s | 3.9 kB     00:00    
DEBUG util.py:503:  public_codeready                                 99 kB/s | 3.3 kB     00:00    
DEBUG util.py:503:  public_distro_builder                            62 kB/s | 3.3 kB     00:00    
DEBUG util.py:503:  u9-builddeps                                     56 kB/s | 3.0 kB     00:00    
DEBUG util.py:503:  u9 Distro Builder                                72 kB/s | 3.0 kB     00:00    
DEBUG util.py:503:  u8-builddeps                                     85 kB/s | 3.0 kB     00:00    
DEBUG util.py:503:  u8 Distro Builder                               110 kB/s | 3.0 kB     00:00    
DEBUG util.py:503:  Distro Builder                                  117 kB/s | 3.0 kB     00:00    
DEBUG util.py:503:  Distro Builder                                  182 kB/s | 3.5 kB     00:00    
DEBUG util.py:503:  Distro Builder                                   87 kB/s | 3.0 kB     00:00    
DEBUG util.py:503:  Distro Builder                                   74 kB/s | 3.0 kB     00:00    
DEBUG util.py:503:  groups                                           90 kB/s | 2.9 kB     00:00    
DEBUG util.py:503:  u9                                              116 kB/s | 3.0 kB     00:00    
DEBUG util.py:503:  u9-extras                                        70 kB/s | 3.0 kB     00:00    
DEBUG util.py:503:  u9-extras.0                                     103 kB/s | 3.0 kB     00:00    
DEBUG util.py:503:  u8                                               82 kB/s | 3.0 kB     00:00    
DEBUG util.py:503:  u8-extras                                       130 kB/s | 2.9 kB     00:00    
DEBUG util.py:503:  u8-extras.0                                     108 kB/s | 3.0 kB     00:00    
DEBUG util.py:503:  u7                                              125 kB/s | 3.0 kB     00:00    
DEBUG util.py:503:  u7-extras                                        73 kB/s | 2.5 kB     00:00    
DEBUG util.py:503:  u7-extras.0                                      63 kB/s | 3.0 kB     00:00    
DEBUG util.py:503:  u6                                               74 kB/s | 3.0 kB     00:00    
DEBUG util.py:503:  u6-extras                                       105 kB/s | 2.5 kB     00:00    
DEBUG util.py:503:  u6-extras.0                                      79 kB/s | 2.6 kB     00:00    
DEBUG util.py:503:  u5                                               70 kB/s | 3.0 kB     00:00    
DEBUG util.py:503:  u5-extras                                        85 kB/s | 2.5 kB     00:00    
DEBUG util.py:503:  u5-extras.0                                      75 kB/s | 2.6 kB     00:00    
DEBUG util.py:503:  u4                                               79 kB/s | 3.0 kB     00:00    
DEBUG util.py:503:  u4-extras                                        41 kB/s | 2.5 kB     00:00    
DEBUG util.py:503:  u4-extras.0                                      88 kB/s | 3.0 kB     00:00    
DEBUG util.py:503:  u3                                               75 kB/s | 3.0 kB     00:00    
DEBUG util.py:503:  u3-extras                                        83 kB/s | 2.5 kB     00:00    
DEBUG util.py:503:  u3-extras.0                                      65 kB/s | 2.5 kB     00:00    
DEBUG util.py:503:  u2                                              127 kB/s | 3.0 kB     00:00    
DEBUG util.py:503:  u2-extras                                        72 kB/s | 2.5 kB     00:00    
DEBUG util.py:503:  u2-extras.0                                      87 kB/s | 3.0 kB     00:00    
DEBUG util.py:503:  u1                                              109 kB/s | 3.0 kB     00:00    
DEBUG util.py:503:  u1-extras                                       118 kB/s | 2.4 kB     00:00    
DEBUG util.py:503:  u1-extras.0                                     147 kB/s | 3.0 kB     00:00    
DEBUG util.py:503:  u0                                              111 kB/s | 3.0 kB     00:00    
DEBUG util.py:503:  u0-extras                                        81 kB/s | 2.5 kB     00:00    
DEBUG util.py:503:  u0-extras.0                                      59 kB/s | 3.0 kB     00:00    
DEBUG util.py:503:  u0-deps                                          94 kB/s | 3.0 kB     00:00    
DEBUG util.py:503:  u9-ol-modules                                   101 kB/s | 3.5 kB     00:00    
DEBUG util.py:503:  u9-ol-modules                                    28 MB/s | 3.8 MB     00:00    
DEBUG util.py:503:  u8-ol-modules                                   135 kB/s | 3.5 kB     00:00    
DEBUG util.py:503:  u7-ol-modules                                   104 kB/s | 3.5 kB     00:00    
DEBUG util.py:503:  u6-ol-modules                                   128 kB/s | 3.5 kB     00:00    
DEBUG util.py:503:  u5-ol-modules                                    73 kB/s | 3.5 kB     00:00    
DEBUG util.py:503:  u4-ol-modules                                    65 kB/s | 3.5 kB     00:00    
DEBUG util.py:503:  u3-ol-modules                                   113 kB/s | 3.5 kB     00:00    
DEBUG util.py:503:  u2-ol-modules                                   163 kB/s | 3.5 kB     00:00    
DEBUG util.py:503:  u1-ol-modules                                   160 kB/s | 3.5 kB     00:00    
DEBUG util.py:503:  u0-ol-modules                                   106 kB/s | 3.5 kB     00:00    
DEBUG util.py:503:  upstream_deps                                    53 kB/s | 3.0 kB     00:00    
DEBUG util.py:503:  other_deps                                      103 kB/s | 3.0 kB     00:00    
DEBUG util.py:503:  Package findutils-1:4.6.0-21.el8.x86_64 is already installed.
DEBUG util.py:503:  Package gcc-8.5.0-20.0.2.el8.x86_64 is already installed.
DEBUG util.py:503:  Package make-1:4.2.1-11.el8.x86_64 is already installed.
DEBUG util.py:503:  Package openssl-1:1.1.1k-12.el8_9.x86_64 is already installed.
DEBUG util.py:503:  Dependencies resolved.
DEBUG util.py:503:  ===========================================================================================================
DEBUG util.py:503:   Package                  Arch    Version                                      Repository              Size
DEBUG util.py:503:  ===========================================================================================================
DEBUG util.py:503:  Installing:
DEBUG util.py:503:   dos2unix                 x86_64  7.4.0-3.el8                                  public_baseos          241 k
DEBUG util.py:503:   elfutils-libelf-devel    x86_64  0.189-3.el8                                  public_baseos           62 k
DEBUG util.py:503:   git                      x86_64  2.39.3-1.el8_8                               public_appstream       104 k
DEBUG util.py:503:   openssl-devel            x86_64  1:1.1.1k-12.el8_9                            public_baseos          2.3 M
DEBUG util.py:503:   pesign                   x86_64  0.112-27.0.2.el8                             public_appstream       183 k
DEBUG util.py:503:  Installing dependencies:
DEBUG util.py:503:   efivar-libs              x86_64  37-4.el8                                     public_baseos          108 k
DEBUG util.py:503:   emacs-filesystem         noarch  1:26.1-11.el8                                public_baseos           70 k
DEBUG util.py:503:   git-core                 x86_64  2.39.3-1.el8_8                               public_appstream        11 M
DEBUG util.py:503:   git-core-doc             noarch  2.39.3-1.el8_8                               public_appstream       3.0 M
DEBUG util.py:503:   groff-base               x86_64  1.22.3-18.el8                                public_baseos          1.0 M
DEBUG util.py:503:   keyutils-libs-devel      x86_64  1.5.10-9.el8                                 public_baseos           48 k
DEBUG util.py:503:   krb5-devel               x86_64  1.18.2-26.0.1.el8_9                          public_baseos          561 k
DEBUG util.py:503:   less                     x86_64  530-1.el8                                    public_baseos          164 k
DEBUG util.py:503:   libcom_err-devel         x86_64  1.45.6-5.el8                                 public_baseos           39 k
DEBUG util.py:503:   libkadm5                 x86_64  1.18.2-26.0.1.el8_9                          public_baseos          187 k
DEBUG util.py:503:   libselinux-devel         x86_64  2.9-8.el8                                    public_baseos          200 k
DEBUG util.py:503:   libsepol-devel           x86_64  2.9-3.el8                                    public_baseos           87 k
DEBUG util.py:503:   libverto-devel           x86_64  0.3.2-2.el8                                  public_baseos           18 k
DEBUG util.py:503:   libzstd-devel            x86_64  1.4.4-1.0.1.el8                              public_baseos           44 k
DEBUG util.py:503:   nspr                     x86_64  4.35.0-1.el8_8                               public_appstream       143 k
DEBUG util.py:503:   nss                      x86_64  3.90.0-4.el8_9                               public_appstream       749 k
DEBUG util.py:503:   nss-softokn              x86_64  3.90.0-4.el8_9                               public_appstream       1.2 M
DEBUG util.py:503:   nss-softokn-freebl       x86_64  3.90.0-4.el8_9                               public_appstream       388 k
DEBUG util.py:503:   nss-sysinit              x86_64  3.90.0-4.el8_9                               public_appstream        74 k
DEBUG util.py:503:   nss-tools                x86_64  3.90.0-4.el8_9                               public_appstream       582 k
DEBUG util.py:503:   nss-util                 x86_64  3.90.0-4.el8_9                               public_appstream       138 k
DEBUG util.py:503:   openssh                  x86_64  8.0p1-19.el8_9.2                             u9                     523 k
DEBUG util.py:503:   openssh-clients          x86_64  8.0p1-19.el8_9.2                             u9                     669 k
DEBUG util.py:503:   pcre2-devel              x86_64  10.32-3.el8_6                                public_baseos          605 k
DEBUG util.py:503:   pcre2-utf16              x86_64  10.32-3.el8_6                                public_baseos          229 k
DEBUG util.py:503:   pcre2-utf32              x86_64  10.32-3.el8_6                                public_baseos          220 k
DEBUG util.py:503:   perl-Carp                noarch  1.42-396.el8                                 public_baseos           30 k
DEBUG util.py:503:   perl-Data-Dumper         x86_64  2.167-399.el8                                public_baseos           58 k
DEBUG util.py:503:   perl-Digest              noarch  1.17-395.el8                                 public_baseos           27 k
DEBUG util.py:503:   perl-Digest-MD5          x86_64  2.55-396.el8                                 public_baseos           37 k
DEBUG util.py:503:   perl-Encode              x86_64  4:2.97-3.el8                                 public_baseos          1.5 M
DEBUG util.py:503:   perl-Errno               x86_64  1.28-422.el8                                 public_baseos           76 k
DEBUG util.py:503:   perl-Error               noarch  1:0.17025-2.el8                              public_appstream        46 k
DEBUG util.py:503:   perl-Exporter            noarch  5.72-396.el8                                 public_baseos           34 k
DEBUG util.py:503:   perl-File-Path           noarch  2.15-2.el8                                   public_baseos           38 k
DEBUG util.py:503:   perl-File-Temp           noarch  0.230.600-1.el8                              public_baseos           63 k
DEBUG util.py:503:   perl-Getopt-Long         noarch  1:2.50-4.el8                                 public_baseos           63 k
DEBUG util.py:503:   perl-Git                 noarch  2.39.3-1.el8_8                               public_appstream        79 k
DEBUG util.py:503:   perl-HTTP-Tiny           noarch  0.074-2.el8                                  public_baseos           57 k
DEBUG util.py:503:   perl-IO                  x86_64  1.38-422.el8                                 public_baseos          142 k
DEBUG util.py:503:   perl-IO-Socket-IP        noarch  0.39-5.el8                                   public_baseos           47 k
DEBUG util.py:503:   perl-IO-Socket-SSL       noarch  2.066-4.module+el8.6.0+20623+f0897f98        public_appstream       298 k
DEBUG util.py:503:   perl-MIME-Base64         x86_64  3.15-396.el8                                 public_baseos           31 k
DEBUG util.py:503:   perl-Mozilla-CA          noarch  20160104-7.0.1.module+el8.3.0+21136+b437fca9 public_appstream        15 k
DEBUG util.py:503:   perl-Net-SSLeay          x86_64  1.88-2.module+el8.6.0+20623+f0897f98         public_appstream       379 k
DEBUG util.py:503:   perl-PathTools           x86_64  3.74-1.el8                                   public_baseos           90 k
DEBUG util.py:503:   perl-Pod-Escapes         noarch  1:1.07-395.el8                               public_baseos           20 k
DEBUG util.py:503:   perl-Pod-Perldoc         noarch  3.28-396.el8                                 public_baseos           88 k
DEBUG util.py:503:   perl-Pod-Simple          noarch  1:3.42-1.el8                                 public_distro_builder  227 k
DEBUG util.py:503:   perl-Pod-Usage           noarch  4:1.69-395.el8                               public_baseos           34 k
DEBUG util.py:503:   perl-Scalar-List-Utils   x86_64  3:1.49-2.el8                                 public_baseos           68 k
DEBUG util.py:503:   perl-Socket              x86_64  4:2.027-3.el8                                public_baseos           59 k
DEBUG util.py:503:   perl-Storable            x86_64  1:3.11-3.el8                                 public_baseos           98 k
DEBUG util.py:503:   perl-Term-ANSIColor      noarch  4.06-396.el8                                 public_baseos           46 k
DEBUG util.py:503:   perl-Term-Cap            noarch  1.17-395.el8                                 public_baseos           23 k
DEBUG util.py:503:   perl-TermReadKey         x86_64  2.37-7.el8                                   public_appstream        40 k
DEBUG util.py:503:   perl-Text-ParseWords     noarch  3.30-395.el8                                 public_baseos           18 k
DEBUG util.py:503:   perl-Text-Tabs+Wrap      noarch  2013.0523-395.el8                            public_baseos           24 k
DEBUG util.py:503:   perl-Time-Local          noarch  1:1.280-1.el8                                public_baseos           33 k
DEBUG util.py:503:   perl-URI                 noarch  1.73-3.el8                                   public_baseos          116 k
DEBUG util.py:503:   perl-Unicode-Normalize   x86_64  1.25-396.el8                                 public_baseos           82 k
DEBUG util.py:503:   perl-constant            noarch  1.33-396.el8                                 public_baseos           25 k
DEBUG util.py:503:   perl-interpreter         x86_64  4:5.26.3-422.el8                             public_baseos          6.3 M
DEBUG util.py:503:   perl-libnet              noarch  3.11-3.el8                                   public_baseos          121 k
DEBUG util.py:503:   perl-libs                x86_64  4:5.26.3-422.el8                             public_baseos          1.6 M
DEBUG util.py:503:   perl-macros              x86_64  4:5.26.3-422.el8                             public_baseos           72 k
DEBUG util.py:503:   perl-parent              noarch  1:0.237-1.el8                                public_baseos           20 k
DEBUG util.py:503:   perl-podlators           noarch  4.11-1.el8                                   public_baseos          118 k
DEBUG util.py:503:   perl-threads             x86_64  1:2.21-2.el8                                 public_baseos           61 k
DEBUG util.py:503:   perl-threads-shared      x86_64  1.58-2.el8                                   public_baseos           48 k
DEBUG util.py:503:   zlib-devel               x86_64  1.2.11-25.el8                                public_baseos           57 k
DEBUG util.py:503:  Enabling module streams:
DEBUG util.py:503:   perl                             5.26                                                                     
DEBUG util.py:503:   perl-IO-Socket-SSL               2.066                                                                    
DEBUG util.py:503:   perl-libwww-perl                 6.34                                                                     
DEBUG util.py:503:  Transaction Summary
DEBUG util.py:503:  ===========================================================================================================
DEBUG util.py:503:  Install  76 Packages
DEBUG util.py:503:  Total download size: 37 M
DEBUG util.py:503:  Installed size: 108 M
DEBUG util.py:503:  Downloading Packages:
DEBUG util.py:503:  (1/76): elfutils-libelf-devel-0.189-3.el8.x86_6 906 kB/s |  62 kB     00:00    
DEBUG util.py:503:  (2/76): efivar-libs-37-4.el8.x86_64.rpm         1.4 MB/s | 108 kB     00:00    
DEBUG util.py:503:  (3/76): dos2unix-7.4.0-3.el8.x86_64.rpm         2.9 MB/s | 241 kB     00:00    
DEBUG util.py:503:  (4/76): emacs-filesystem-26.1-11.el8.noarch.rpm 3.8 MB/s |  70 kB     00:00    
DEBUG util.py:503:  (5/76): keyutils-libs-devel-1.5.10-9.el8.x86_64 3.3 MB/s |  48 kB     00:00    
DEBUG util.py:503:  (6/76): krb5-devel-1.18.2-26.0.1.el8_9.x86_64.r  22 MB/s | 561 kB     00:00    
DEBUG util.py:503:  (7/76): groff-base-1.22.3-18.el8.x86_64.rpm      22 MB/s | 1.0 MB     00:00    
DEBUG util.py:503:  (8/76): libcom_err-devel-1.45.6-5.el8.x86_64.rp 2.7 MB/s |  39 kB     00:00    
DEBUG util.py:503:  (9/76): less-530-1.el8.x86_64.rpm               4.7 MB/s | 164 kB     00:00    
DEBUG util.py:503:  (10/76): libkadm5-1.18.2-26.0.1.el8_9.x86_64.rp  12 MB/s | 187 kB     00:00    
DEBUG util.py:503:  (11/76): libsepol-devel-2.9-3.el8.x86_64.rpm    7.1 MB/s |  87 kB     00:00    
DEBUG util.py:503:  (12/76): libselinux-devel-2.9-8.el8.x86_64.rpm  8.7 MB/s | 200 kB     00:00    
DEBUG util.py:503:  (13/76): libverto-devel-0.3.2-2.el8.x86_64.rpm  1.1 MB/s |  18 kB     00:00    
DEBUG util.py:503:  (14/76): libzstd-devel-1.4.4-1.0.1.el8.x86_64.r 3.2 MB/s |  44 kB     00:00    
DEBUG util.py:503:  (15/76): pcre2-utf16-10.32-3.el8_6.x86_64.rpm    11 MB/s | 229 kB     00:00    
DEBUG util.py:503:  (16/76): pcre2-devel-10.32-3.el8_6.x86_64.rpm    19 MB/s | 605 kB     00:00    
DEBUG util.py:503:  (17/76): pcre2-utf32-10.32-3.el8_6.x86_64.rpm   7.1 MB/s | 220 kB     00:00    
DEBUG util.py:503:  (18/76): perl-Carp-1.42-396.el8.noarch.rpm      1.0 MB/s |  30 kB     00:00    
DEBUG util.py:503:  (19/76): perl-Data-Dumper-2.167-399.el8.x86_64. 5.3 MB/s |  58 kB     00:00    
DEBUG util.py:503:  (20/76): perl-Digest-1.17-395.el8.noarch.rpm    2.6 MB/s |  27 kB     00:00    
DEBUG util.py:503:  (21/76): perl-Digest-MD5-2.55-396.el8.x86_64.rp 4.5 MB/s |  37 kB     00:00    
DEBUG util.py:503:  (22/76): perl-Errno-1.28-422.el8.x86_64.rpm      11 MB/s |  76 kB     00:00    
DEBUG util.py:503:  (23/76): openssl-devel-1.1.1k-12.el8_9.x86_64.r  23 MB/s | 2.3 MB     00:00    
DEBUG util.py:503:  (24/76): perl-Exporter-5.72-396.el8.noarch.rpm  1.4 MB/s |  34 kB     00:00    
DEBUG util.py:503:  (25/76): perl-File-Path-2.15-2.el8.noarch.rpm   2.6 MB/s |  38 kB     00:00    
DEBUG util.py:503:  (26/76): perl-File-Temp-0.230.600-1.el8.noarch. 3.9 MB/s |  63 kB     00:00    
DEBUG util.py:503:  (27/76): perl-Getopt-Long-2.50-4.el8.noarch.rpm 5.3 MB/s |  63 kB     00:00    
DEBUG util.py:503:  (28/76): perl-Encode-2.97-3.el8.x86_64.rpm       22 MB/s | 1.5 MB     00:00    
DEBUG util.py:503:  (29/76): perl-HTTP-Tiny-0.074-2.el8.noarch.rpm  2.8 MB/s |  57 kB     00:00    
DEBUG util.py:503:  (30/76): perl-IO-1.38-422.el8.x86_64.rpm        6.9 MB/s | 142 kB     00:00    
DEBUG util.py:503:  (31/76): perl-MIME-Base64-3.15-396.el8.x86_64.r 3.0 MB/s |  31 kB     00:00    
DEBUG util.py:503:  (32/76): perl-IO-Socket-IP-0.39-5.el8.noarch.rp 2.3 MB/s |  47 kB     00:00    
DEBUG util.py:503:  (33/76): perl-PathTools-3.74-1.el8.x86_64.rpm   6.2 MB/s |  90 kB     00:00    
DEBUG util.py:503:  (34/76): perl-Pod-Escapes-1.07-395.el8.noarch.r 1.5 MB/s |  20 kB     00:00    
DEBUG util.py:503:  (35/76): perl-Pod-Perldoc-3.28-396.el8.noarch.r 5.8 MB/s |  88 kB     00:00    
DEBUG util.py:503:  (36/76): perl-Pod-Usage-1.69-395.el8.noarch.rpm 2.2 MB/s |  34 kB     00:00    
DEBUG util.py:503:  (37/76): perl-Scalar-List-Utils-1.49-2.el8.x86_ 4.3 MB/s |  68 kB     00:00    
DEBUG util.py:503:  (38/76): perl-Socket-2.027-3.el8.x86_64.rpm     4.0 MB/s |  59 kB     00:00    
DEBUG util.py:503:  (39/76): perl-Storable-3.11-3.el8.x86_64.rpm    6.4 MB/s |  98 kB     00:00    
DEBUG util.py:503:  (40/76): perl-Term-ANSIColor-4.06-396.el8.noarc 3.0 MB/s |  46 kB     00:00    
DEBUG util.py:503:  (41/76): perl-Term-Cap-1.17-395.el8.noarch.rpm  1.6 MB/s |  23 kB     00:00    
DEBUG util.py:503:  (42/76): perl-Text-ParseWords-3.30-395.el8.noar 1.4 MB/s |  18 kB     00:00    
DEBUG util.py:503:  (43/76): perl-Time-Local-1.280-1.el8.noarch.rpm 3.2 MB/s |  33 kB     00:00    
DEBUG util.py:503:  (44/76): perl-URI-1.73-3.el8.noarch.rpm         8.5 MB/s | 116 kB     00:00    
DEBUG util.py:503:  (45/76): perl-Unicode-Normalize-1.25-396.el8.x8 5.3 MB/s |  82 kB     00:00    
DEBUG util.py:503:  (46/76): perl-constant-1.33-396.el8.noarch.rpm  2.1 MB/s |  25 kB     00:00    
DEBUG util.py:503:  (47/76): perl-libnet-3.11-3.el8.noarch.rpm      8.4 MB/s | 121 kB     00:00    
DEBUG util.py:503:  (48/76): perl-libs-5.26.3-422.el8.x86_64.rpm     35 MB/s | 1.6 MB     00:00    
DEBUG util.py:503:  (49/76): perl-Text-Tabs+Wrap-2013.0523-395.el8. 247 kB/s |  24 kB     00:00    
DEBUG util.py:503:  (50/76): perl-macros-5.26.3-422.el8.x86_64.rpm  8.1 MB/s |  72 kB     00:00    
DEBUG util.py:503:  (51/76): perl-parent-0.237-1.el8.noarch.rpm     2.2 MB/s |  20 kB     00:00    
DEBUG util.py:503:  (52/76): perl-podlators-4.11-1.el8.noarch.rpm   4.8 MB/s | 118 kB     00:00    
DEBUG util.py:503:  (53/76): perl-threads-2.21-2.el8.x86_64.rpm     2.4 MB/s |  61 kB     00:00    
DEBUG util.py:503:  (54/76): perl-threads-shared-1.58-2.el8.x86_64. 4.8 MB/s |  48 kB     00:00    
DEBUG util.py:503:  (55/76): zlib-devel-1.2.11-25.el8.x86_64.rpm    6.0 MB/s |  57 kB     00:00    
DEBUG util.py:503:  (56/76): git-2.39.3-1.el8_8.x86_64.rpm          9.4 MB/s | 104 kB     00:00    
DEBUG util.py:503:  (57/76): perl-interpreter-5.26.3-422.el8.x86_64  27 MB/s | 6.3 MB     00:00    
DEBUG util.py:503:  (58/76): nspr-4.35.0-1.el8_8.x86_64.rpm         8.1 MB/s | 143 kB     00:00    
DEBUG util.py:503:  (59/76): git-core-doc-2.39.3-1.el8_8.noarch.rpm  17 MB/s | 3.0 MB     00:00    
DEBUG util.py:503:  (60/76): nss-3.90.0-4.el8_9.x86_64.rpm          9.9 MB/s | 749 kB     00:00    
DEBUG util.py:503:  (61/76): nss-softokn-freebl-3.90.0-4.el8_9.x86_  23 MB/s | 388 kB     00:00    
DEBUG util.py:503:  (62/76): nss-softokn-3.90.0-4.el8_9.x86_64.rpm   16 MB/s | 1.2 MB     00:00    
DEBUG util.py:503:  (63/76): nss-sysinit-3.90.0-4.el8_9.x86_64.rpm  1.6 MB/s |  74 kB     00:00    
DEBUG util.py:503:  (64/76): nss-util-3.90.0-4.el8_9.x86_64.rpm     5.4 MB/s | 138 kB     00:00    
DEBUG util.py:503:  (65/76): nss-tools-3.90.0-4.el8_9.x86_64.rpm    7.8 MB/s | 582 kB     00:00    
DEBUG util.py:503:  (66/76): perl-Error-0.17025-2.el8.noarch.rpm    1.0 MB/s |  46 kB     00:00    
DEBUG util.py:503:  (67/76): perl-Git-2.39.3-1.el8_8.noarch.rpm     1.9 MB/s |  79 kB     00:00    
DEBUG util.py:503:  (68/76): git-core-2.39.3-1.el8_8.x86_64.rpm     8.5 MB/s |  11 MB     00:01    
DEBUG util.py:503:  (69/76): perl-Mozilla-CA-20160104-7.0.1.module+  14 kB/s |  15 kB     00:01    
DEBUG util.py:503:  (70/76): perl-TermReadKey-2.37-7.el8.x86_64.rpm 5.7 MB/s |  40 kB     00:00    
DEBUG util.py:503:  (71/76): perl-IO-Socket-SSL-2.066-4.module+el8. 220 kB/s | 298 kB     00:01    
DEBUG util.py:503:  (72/76): perl-Net-SSLeay-1.88-2.module+el8.6.0+ 715 kB/s | 379 kB     00:00    
DEBUG util.py:503:  (73/76): pesign-0.112-27.0.2.el8.x86_64.rpm     565 kB/s | 183 kB     00:00    
DEBUG util.py:503:  (74/76): perl-Pod-Simple-3.42-1.el8.noarch.rpm  2.1 MB/s | 227 kB     00:00    
DEBUG util.py:503:  (75/76): openssh-8.0p1-19.el8_9.2.x86_64.rpm    7.6 MB/s | 523 kB     00:00    
DEBUG util.py:503:  (76/76): openssh-clients-8.0p1-19.el8_9.2.x86_6 9.0 MB/s | 669 kB     00:00    
DEBUG util.py:503:  --------------------------------------------------------------------------------
DEBUG util.py:503:  Total                                            15 MB/s |  37 MB     00:02     
DEBUG util.py:503:  Running transaction check
DEBUG util.py:503:  Transaction check succeeded.
DEBUG util.py:503:  Running transaction test
DEBUG util.py:503:  Transaction test succeeded.
DEBUG util.py:503:  Running transaction
DEBUG util.py:503:    Preparing        :                                                        1/1 
DEBUG util.py:503:    Installing       : nspr-4.35.0-1.el8_8.x86_64                            1/76 
DEBUG util.py:503:    Running scriptlet: nspr-4.35.0-1.el8_8.x86_64                            1/76 
DEBUG util.py:503:    Installing       : nss-util-3.90.0-4.el8_9.x86_64                        2/76 
DEBUG util.py:503:    Installing       : zlib-devel-1.2.11-25.el8.x86_64                       3/76 
DEBUG util.py:503:    Installing       : nss-softokn-freebl-3.90.0-4.el8_9.x86_64              4/76 
DEBUG util.py:503:    Installing       : nss-softokn-3.90.0-4.el8_9.x86_64                     5/76 
DEBUG util.py:503:    Installing       : nss-3.90.0-4.el8_9.x86_64                             6/76 
DEBUG util.py:503:    Installing       : nss-sysinit-3.90.0-4.el8_9.x86_64                     7/76 
DEBUG util.py:503:    Installing       : nss-tools-3.90.0-4.el8_9.x86_64                       8/76 
DEBUG util.py:503:    Running scriptlet: openssh-8.0p1-19.el8_9.2.x86_64                       9/76 
DEBUG util.py:503:    Installing       : openssh-8.0p1-19.el8_9.2.x86_64                       9/76 
DEBUG util.py:503:    Installing       : openssh-clients-8.0p1-19.el8_9.2.x86_64              10/76 
DEBUG util.py:503:    Installing       : pcre2-utf32-10.32-3.el8_6.x86_64                     11/76 
DEBUG util.py:503:    Installing       : pcre2-utf16-10.32-3.el8_6.x86_64                     12/76 
DEBUG util.py:503:    Installing       : pcre2-devel-10.32-3.el8_6.x86_64                     13/76 
DEBUG util.py:503:    Installing       : libzstd-devel-1.4.4-1.0.1.el8.x86_64                 14/76 
DEBUG util.py:503:    Installing       : libverto-devel-0.3.2-2.el8.x86_64                    15/76 
DEBUG util.py:503:    Installing       : libsepol-devel-2.9-3.el8.x86_64                      16/76 
DEBUG util.py:503:    Installing       : libselinux-devel-2.9-8.el8.x86_64                    17/76 
DEBUG util.py:503:    Installing       : libkadm5-1.18.2-26.0.1.el8_9.x86_64                  18/76 
DEBUG util.py:503:    Installing       : libcom_err-devel-1.45.6-5.el8.x86_64                 19/76 
DEBUG util.py:503:    Installing       : less-530-1.el8.x86_64                                20/76 
DEBUG util.py:503:    Installing       : git-core-2.39.3-1.el8_8.x86_64                       21/76 
DEBUG util.py:503:    Installing       : git-core-doc-2.39.3-1.el8_8.noarch                   22/76 
DEBUG util.py:503:    Installing       : keyutils-libs-devel-1.5.10-9.el8.x86_64              23/76 
DEBUG util.py:503:    Installing       : krb5-devel-1.18.2-26.0.1.el8_9.x86_64                24/76 
DEBUG util.py:503:    Installing       : groff-base-1.22.3-18.el8.x86_64                      25/76 
DEBUG util.py:503:    Installing       : perl-Digest-1.17-395.el8.noarch                      26/76 
DEBUG util.py:503:    Installing       : perl-Digest-MD5-2.55-396.el8.x86_64                  27/76 
DEBUG util.py:503:    Installing       : perl-Data-Dumper-2.167-399.el8.x86_64                28/76 
DEBUG util.py:503:    Installing       : perl-libnet-3.11-3.el8.noarch                        29/76 
DEBUG util.py:503:    Installing       : perl-URI-1.73-3.el8.noarch                           30/76 
DEBUG util.py:503:    Installing       : perl-Pod-Escapes-1:1.07-395.el8.noarch               31/76 
DEBUG util.py:503:    Installing       : perl-IO-Socket-IP-0.39-5.el8.noarch                  32/76 
DEBUG util.py:503:    Installing       : perl-Time-Local-1:1.280-1.el8.noarch                 33/76 
DEBUG util.py:503:    Installing       : perl-Mozilla-CA-20160104-7.0.1.module+el8.3.0+2113   34/76 
DEBUG util.py:503:    Installing       : perl-IO-Socket-SSL-2.066-4.module+el8.6.0+20623+f0   35/76 
DEBUG util.py:503:    Installing       : perl-Net-SSLeay-1.88-2.module+el8.6.0+20623+f0897f   36/76 
DEBUG util.py:503:    Installing       : perl-Term-ANSIColor-4.06-396.el8.noarch              37/76 
DEBUG util.py:503:    Installing       : perl-Term-Cap-1.17-395.el8.noarch                    38/76 
DEBUG util.py:503:    Installing       : perl-File-Temp-0.230.600-1.el8.noarch                39/76 
DEBUG util.py:503:    Installing       : perl-HTTP-Tiny-0.074-2.el8.noarch                    40/76 
DEBUG util.py:503:    Installing       : perl-Pod-Simple-1:3.42-1.el8.noarch                  41/76 
DEBUG util.py:503:    Installing       : perl-podlators-4.11-1.el8.noarch                     42/76 
DEBUG util.py:503:    Installing       : perl-Pod-Perldoc-3.28-396.el8.noarch                 43/76 
DEBUG util.py:503:    Installing       : perl-Text-ParseWords-3.30-395.el8.noarch             44/76 
DEBUG util.py:503:    Installing       : perl-Pod-Usage-4:1.69-395.el8.noarch                 45/76 
DEBUG util.py:503:    Installing       : perl-MIME-Base64-3.15-396.el8.x86_64                 46/76 
DEBUG util.py:503:    Installing       : perl-Storable-1:3.11-3.el8.x86_64                    47/76 
DEBUG util.py:503:    Installing       : perl-Getopt-Long-1:2.50-4.el8.noarch                 48/76 
DEBUG util.py:503:    Installing       : perl-Errno-1.28-422.el8.x86_64                       49/76 
DEBUG util.py:503:    Installing       : perl-Socket-4:2.027-3.el8.x86_64                     50/76 
DEBUG util.py:503:    Installing       : perl-Encode-4:2.97-3.el8.x86_64                      51/76 
DEBUG util.py:503:    Installing       : perl-Carp-1.42-396.el8.noarch                        52/76 
DEBUG util.py:503:    Installing       : perl-Exporter-5.72-396.el8.noarch                    53/76 
DEBUG util.py:503:    Installing       : perl-libs-4:5.26.3-422.el8.x86_64                    54/76 
DEBUG util.py:503:    Installing       : perl-Scalar-List-Utils-3:1.49-2.el8.x86_64           55/76 
DEBUG util.py:503:    Installing       : perl-parent-1:0.237-1.el8.noarch                     56/76 
DEBUG util.py:503:    Installing       : perl-macros-4:5.26.3-422.el8.x86_64                  57/76 
DEBUG util.py:503:    Installing       : perl-Text-Tabs+Wrap-2013.0523-395.el8.noarch         58/76 
DEBUG util.py:503:    Installing       : perl-Unicode-Normalize-1.25-396.el8.x86_64           59/76 
DEBUG util.py:503:    Installing       : perl-File-Path-2.15-2.el8.noarch                     60/76 
DEBUG util.py:503:    Installing       : perl-IO-1.38-422.el8.x86_64                          61/76 
DEBUG util.py:503:    Installing       : perl-PathTools-3.74-1.el8.x86_64                     62/76 
DEBUG util.py:503:    Installing       : perl-constant-1.33-396.el8.noarch                    63/76 
DEBUG util.py:503:    Installing       : perl-threads-1:2.21-2.el8.x86_64                     64/76 
DEBUG util.py:503:    Installing       : perl-threads-shared-1.58-2.el8.x86_64                65/76 
DEBUG util.py:503:    Installing       : perl-interpreter-4:5.26.3-422.el8.x86_64             66/76 
DEBUG util.py:503:    Installing       : perl-Error-1:0.17025-2.el8.noarch                    67/76 
DEBUG util.py:503:    Installing       : perl-TermReadKey-2.37-7.el8.x86_64                   68/76 
DEBUG util.py:503:    Installing       : emacs-filesystem-1:26.1-11.el8.noarch                69/76 
DEBUG util.py:503:    Installing       : perl-Git-2.39.3-1.el8_8.noarch                       70/76 
DEBUG util.py:503:    Installing       : git-2.39.3-1.el8_8.x86_64                            71/76 
DEBUG util.py:503:    Installing       : efivar-libs-37-4.el8.x86_64                          72/76 
DEBUG util.py:503:    Running scriptlet: efivar-libs-37-4.el8.x86_64                          72/76 
DEBUG util.py:503:    Running scriptlet: pesign-0.112-27.0.2.el8.x86_64                       73/76 
DEBUG util.py:503:    Installing       : pesign-0.112-27.0.2.el8.x86_64                       73/76 
DEBUG util.py:503:    Running scriptlet: pesign-0.112-27.0.2.el8.x86_64                       73/76 
DEBUG util.py:503:    Installing       : openssl-devel-1:1.1.1k-12.el8_9.x86_64               74/76 
DEBUG util.py:503:    Installing       : elfutils-libelf-devel-0.189-3.el8.x86_64             75/76 
DEBUG util.py:503:    Installing       : dos2unix-7.4.0-3.el8.x86_64                          76/76 
DEBUG util.py:503:    Running scriptlet: nss-3.90.0-4.el8_9.x86_64                            76/76 
DEBUG util.py:503:    Running scriptlet: dos2unix-7.4.0-3.el8.x86_64                          76/76 
DEBUG util.py:503:    Verifying        : dos2unix-7.4.0-3.el8.x86_64                           1/76 
DEBUG util.py:503:    Verifying        : efivar-libs-37-4.el8.x86_64                           2/76 
DEBUG util.py:503:    Verifying        : elfutils-libelf-devel-0.189-3.el8.x86_64              3/76 
DEBUG util.py:503:    Verifying        : emacs-filesystem-1:26.1-11.el8.noarch                 4/76 
DEBUG util.py:503:    Verifying        : groff-base-1.22.3-18.el8.x86_64                       5/76 
DEBUG util.py:503:    Verifying        : keyutils-libs-devel-1.5.10-9.el8.x86_64               6/76 
DEBUG util.py:503:    Verifying        : krb5-devel-1.18.2-26.0.1.el8_9.x86_64                 7/76 
DEBUG util.py:503:    Verifying        : less-530-1.el8.x86_64                                 8/76 
DEBUG util.py:503:    Verifying        : libcom_err-devel-1.45.6-5.el8.x86_64                  9/76 
DEBUG util.py:503:    Verifying        : libkadm5-1.18.2-26.0.1.el8_9.x86_64                  10/76 
DEBUG util.py:503:    Verifying        : libselinux-devel-2.9-8.el8.x86_64                    11/76 
DEBUG util.py:503:    Verifying        : libsepol-devel-2.9-3.el8.x86_64                      12/76 
DEBUG util.py:503:    Verifying        : libverto-devel-0.3.2-2.el8.x86_64                    13/76 
DEBUG util.py:503:    Verifying        : libzstd-devel-1.4.4-1.0.1.el8.x86_64                 14/76 
DEBUG util.py:503:    Verifying        : openssl-devel-1:1.1.1k-12.el8_9.x86_64               15/76 
DEBUG util.py:503:    Verifying        : pcre2-devel-10.32-3.el8_6.x86_64                     16/76 
DEBUG util.py:503:    Verifying        : pcre2-utf16-10.32-3.el8_6.x86_64                     17/76 
DEBUG util.py:503:    Verifying        : pcre2-utf32-10.32-3.el8_6.x86_64                     18/76 
DEBUG util.py:503:    Verifying        : perl-Carp-1.42-396.el8.noarch                        19/76 
DEBUG util.py:503:    Verifying        : perl-Data-Dumper-2.167-399.el8.x86_64                20/76 
DEBUG util.py:503:    Verifying        : perl-Digest-1.17-395.el8.noarch                      21/76 
DEBUG util.py:503:    Verifying        : perl-Digest-MD5-2.55-396.el8.x86_64                  22/76 
DEBUG util.py:503:    Verifying        : perl-Encode-4:2.97-3.el8.x86_64                      23/76 
DEBUG util.py:503:    Verifying        : perl-Errno-1.28-422.el8.x86_64                       24/76 
DEBUG util.py:503:    Verifying        : perl-Exporter-5.72-396.el8.noarch                    25/76 
DEBUG util.py:503:    Verifying        : perl-File-Path-2.15-2.el8.noarch                     26/76 
DEBUG util.py:503:    Verifying        : perl-File-Temp-0.230.600-1.el8.noarch                27/76 
DEBUG util.py:503:    Verifying        : perl-Getopt-Long-1:2.50-4.el8.noarch                 28/76 
DEBUG util.py:503:    Verifying        : perl-HTTP-Tiny-0.074-2.el8.noarch                    29/76 
DEBUG util.py:503:    Verifying        : perl-IO-1.38-422.el8.x86_64                          30/76 
DEBUG util.py:503:    Verifying        : perl-IO-Socket-IP-0.39-5.el8.noarch                  31/76 
DEBUG util.py:503:    Verifying        : perl-MIME-Base64-3.15-396.el8.x86_64                 32/76 
DEBUG util.py:503:    Verifying        : perl-PathTools-3.74-1.el8.x86_64                     33/76 
DEBUG util.py:503:    Verifying        : perl-Pod-Escapes-1:1.07-395.el8.noarch               34/76 
DEBUG util.py:503:    Verifying        : perl-Pod-Perldoc-3.28-396.el8.noarch                 35/76 
DEBUG util.py:503:    Verifying        : perl-Pod-Usage-4:1.69-395.el8.noarch                 36/76 
DEBUG util.py:503:    Verifying        : perl-Scalar-List-Utils-3:1.49-2.el8.x86_64           37/76 
DEBUG util.py:503:    Verifying        : perl-Socket-4:2.027-3.el8.x86_64                     38/76 
DEBUG util.py:503:    Verifying        : perl-Storable-1:3.11-3.el8.x86_64                    39/76 
DEBUG util.py:503:    Verifying        : perl-Term-ANSIColor-4.06-396.el8.noarch              40/76 
DEBUG util.py:503:    Verifying        : perl-Term-Cap-1.17-395.el8.noarch                    41/76 
DEBUG util.py:503:    Verifying        : perl-Text-ParseWords-3.30-395.el8.noarch             42/76 
DEBUG util.py:503:    Verifying        : perl-Text-Tabs+Wrap-2013.0523-395.el8.noarch         43/76 
DEBUG util.py:503:    Verifying        : perl-Time-Local-1:1.280-1.el8.noarch                 44/76 
DEBUG util.py:503:    Verifying        : perl-URI-1.73-3.el8.noarch                           45/76 
DEBUG util.py:503:    Verifying        : perl-Unicode-Normalize-1.25-396.el8.x86_64           46/76 
DEBUG util.py:503:    Verifying        : perl-constant-1.33-396.el8.noarch                    47/76 
DEBUG util.py:503:    Verifying        : perl-interpreter-4:5.26.3-422.el8.x86_64             48/76 
DEBUG util.py:503:    Verifying        : perl-libnet-3.11-3.el8.noarch                        49/76 
DEBUG util.py:503:    Verifying        : perl-libs-4:5.26.3-422.el8.x86_64                    50/76 
DEBUG util.py:503:    Verifying        : perl-macros-4:5.26.3-422.el8.x86_64                  51/76 
DEBUG util.py:503:    Verifying        : perl-parent-1:0.237-1.el8.noarch                     52/76 
DEBUG util.py:503:    Verifying        : perl-podlators-4.11-1.el8.noarch                     53/76 
DEBUG util.py:503:    Verifying        : perl-threads-1:2.21-2.el8.x86_64                     54/76 
DEBUG util.py:503:    Verifying        : perl-threads-shared-1.58-2.el8.x86_64                55/76 
DEBUG util.py:503:    Verifying        : zlib-devel-1.2.11-25.el8.x86_64                      56/76 
DEBUG util.py:503:    Verifying        : git-2.39.3-1.el8_8.x86_64                            57/76 
DEBUG util.py:503:    Verifying        : git-core-2.39.3-1.el8_8.x86_64                       58/76 
DEBUG util.py:503:    Verifying        : git-core-doc-2.39.3-1.el8_8.noarch                   59/76 
DEBUG util.py:503:    Verifying        : nspr-4.35.0-1.el8_8.x86_64                           60/76 
DEBUG util.py:503:    Verifying        : nss-3.90.0-4.el8_9.x86_64                            61/76 
DEBUG util.py:503:    Verifying        : nss-softokn-3.90.0-4.el8_9.x86_64                    62/76 
DEBUG util.py:503:    Verifying        : nss-softokn-freebl-3.90.0-4.el8_9.x86_64             63/76 
DEBUG util.py:503:    Verifying        : nss-sysinit-3.90.0-4.el8_9.x86_64                    64/76 
DEBUG util.py:503:    Verifying        : nss-tools-3.90.0-4.el8_9.x86_64                      65/76 
DEBUG util.py:503:    Verifying        : nss-util-3.90.0-4.el8_9.x86_64                       66/76 
DEBUG util.py:503:    Verifying        : perl-Error-1:0.17025-2.el8.noarch                    67/76 
DEBUG util.py:503:    Verifying        : perl-Git-2.39.3-1.el8_8.noarch                       68/76 
DEBUG util.py:503:    Verifying        : perl-IO-Socket-SSL-2.066-4.module+el8.6.0+20623+f0   69/76 
DEBUG util.py:503:    Verifying        : perl-Mozilla-CA-20160104-7.0.1.module+el8.3.0+2113   70/76 
DEBUG util.py:503:    Verifying        : perl-Net-SSLeay-1.88-2.module+el8.6.0+20623+f0897f   71/76 
DEBUG util.py:503:    Verifying        : perl-TermReadKey-2.37-7.el8.x86_64                   72/76 
DEBUG util.py:503:    Verifying        : pesign-0.112-27.0.2.el8.x86_64                       73/76 
DEBUG util.py:503:    Verifying        : perl-Pod-Simple-1:3.42-1.el8.noarch                  74/76 
DEBUG util.py:503:    Verifying        : openssh-8.0p1-19.el8_9.2.x86_64                      75/76 
DEBUG util.py:503:    Verifying        : openssh-clients-8.0p1-19.el8_9.2.x86_64              76/76 
DEBUG util.py:503:  Installed:
DEBUG util.py:503:    dos2unix-7.4.0-3.el8.x86_64                                                   
DEBUG util.py:503:    efivar-libs-37-4.el8.x86_64                                                   
DEBUG util.py:503:    elfutils-libelf-devel-0.189-3.el8.x86_64                                      
DEBUG util.py:503:    emacs-filesystem-1:26.1-11.el8.noarch                                         
DEBUG util.py:503:    git-2.39.3-1.el8_8.x86_64                                                     
DEBUG util.py:503:    git-core-2.39.3-1.el8_8.x86_64                                                
DEBUG util.py:503:    git-core-doc-2.39.3-1.el8_8.noarch                                            
DEBUG util.py:503:    groff-base-1.22.3-18.el8.x86_64                                               
DEBUG util.py:503:    keyutils-libs-devel-1.5.10-9.el8.x86_64                                       
DEBUG util.py:503:    krb5-devel-1.18.2-26.0.1.el8_9.x86_64                                         
DEBUG util.py:503:    less-530-1.el8.x86_64                                                         
DEBUG util.py:503:    libcom_err-devel-1.45.6-5.el8.x86_64                                          
DEBUG util.py:503:    libkadm5-1.18.2-26.0.1.el8_9.x86_64                                           
DEBUG util.py:503:    libselinux-devel-2.9-8.el8.x86_64                                             
DEBUG util.py:503:    libsepol-devel-2.9-3.el8.x86_64                                               
DEBUG util.py:503:    libverto-devel-0.3.2-2.el8.x86_64                                             
DEBUG util.py:503:    libzstd-devel-1.4.4-1.0.1.el8.x86_64                                          
DEBUG util.py:503:    nspr-4.35.0-1.el8_8.x86_64                                                    
DEBUG util.py:503:    nss-3.90.0-4.el8_9.x86_64                                                     
DEBUG util.py:503:    nss-softokn-3.90.0-4.el8_9.x86_64                                             
DEBUG util.py:503:    nss-softokn-freebl-3.90.0-4.el8_9.x86_64                                      
DEBUG util.py:503:    nss-sysinit-3.90.0-4.el8_9.x86_64                                             
DEBUG util.py:503:    nss-tools-3.90.0-4.el8_9.x86_64                                               
DEBUG util.py:503:    nss-util-3.90.0-4.el8_9.x86_64                                                
DEBUG util.py:503:    openssh-8.0p1-19.el8_9.2.x86_64                                               
DEBUG util.py:503:    openssh-clients-8.0p1-19.el8_9.2.x86_64                                       
DEBUG util.py:503:    openssl-devel-1:1.1.1k-12.el8_9.x86_64                                        
DEBUG util.py:503:    pcre2-devel-10.32-3.el8_6.x86_64                                              
DEBUG util.py:503:    pcre2-utf16-10.32-3.el8_6.x86_64                                              
DEBUG util.py:503:    pcre2-utf32-10.32-3.el8_6.x86_64                                              
DEBUG util.py:503:    perl-Carp-1.42-396.el8.noarch                                                 
DEBUG util.py:503:    perl-Data-Dumper-2.167-399.el8.x86_64                                         
DEBUG util.py:503:    perl-Digest-1.17-395.el8.noarch                                               
DEBUG util.py:503:    perl-Digest-MD5-2.55-396.el8.x86_64                                           
DEBUG util.py:503:    perl-Encode-4:2.97-3.el8.x86_64                                               
DEBUG util.py:503:    perl-Errno-1.28-422.el8.x86_64                                                
DEBUG util.py:503:    perl-Error-1:0.17025-2.el8.noarch                                             
DEBUG util.py:503:    perl-Exporter-5.72-396.el8.noarch                                             
DEBUG util.py:503:    perl-File-Path-2.15-2.el8.noarch                                              
DEBUG util.py:503:    perl-File-Temp-0.230.600-1.el8.noarch                                         
DEBUG util.py:503:    perl-Getopt-Long-1:2.50-4.el8.noarch                                          
DEBUG util.py:503:    perl-Git-2.39.3-1.el8_8.noarch                                                
DEBUG util.py:503:    perl-HTTP-Tiny-0.074-2.el8.noarch                                             
DEBUG util.py:503:    perl-IO-1.38-422.el8.x86_64                                                   
DEBUG util.py:503:    perl-IO-Socket-IP-0.39-5.el8.noarch                                           
DEBUG util.py:503:    perl-IO-Socket-SSL-2.066-4.module+el8.6.0+20623+f0897f98.noarch               
DEBUG util.py:503:    perl-MIME-Base64-3.15-396.el8.x86_64                                          
DEBUG util.py:503:    perl-Mozilla-CA-20160104-7.0.1.module+el8.3.0+21136+b437fca9.noarch           
DEBUG util.py:503:    perl-Net-SSLeay-1.88-2.module+el8.6.0+20623+f0897f98.x86_64                   
DEBUG util.py:503:    perl-PathTools-3.74-1.el8.x86_64                                              
DEBUG util.py:503:    perl-Pod-Escapes-1:1.07-395.el8.noarch                                        
DEBUG util.py:503:    perl-Pod-Perldoc-3.28-396.el8.noarch                                          
DEBUG util.py:503:    perl-Pod-Simple-1:3.42-1.el8.noarch                                           
DEBUG util.py:503:    perl-Pod-Usage-4:1.69-395.el8.noarch                                          
DEBUG util.py:503:    perl-Scalar-List-Utils-3:1.49-2.el8.x86_64                                    
DEBUG util.py:503:    perl-Socket-4:2.027-3.el8.x86_64                                              
DEBUG util.py:503:    perl-Storable-1:3.11-3.el8.x86_64                                             
DEBUG util.py:503:    perl-Term-ANSIColor-4.06-396.el8.noarch                                       
DEBUG util.py:503:    perl-Term-Cap-1.17-395.el8.noarch                                             
DEBUG util.py:503:    perl-TermReadKey-2.37-7.el8.x86_64                                            
DEBUG util.py:503:    perl-Text-ParseWords-3.30-395.el8.noarch                                      
DEBUG util.py:503:    perl-Text-Tabs+Wrap-2013.0523-395.el8.noarch                                  
DEBUG util.py:503:    perl-Time-Local-1:1.280-1.el8.noarch                                          
DEBUG util.py:503:    perl-URI-1.73-3.el8.noarch                                                    
DEBUG util.py:503:    perl-Unicode-Normalize-1.25-396.el8.x86_64                                    
DEBUG util.py:503:    perl-constant-1.33-396.el8.noarch                                             
DEBUG util.py:503:    perl-interpreter-4:5.26.3-422.el8.x86_64                                      
DEBUG util.py:503:    perl-libnet-3.11-3.el8.noarch                                                 
DEBUG util.py:503:    perl-libs-4:5.26.3-422.el8.x86_64                                             
DEBUG util.py:503:    perl-macros-4:5.26.3-422.el8.x86_64                                           
DEBUG util.py:503:    perl-parent-1:0.237-1.el8.noarch                                              
DEBUG util.py:503:    perl-podlators-4.11-1.el8.noarch                                              
DEBUG util.py:503:    perl-threads-1:2.21-2.el8.x86_64                                              
DEBUG util.py:503:    perl-threads-shared-1.58-2.el8.x86_64                                         
DEBUG util.py:503:    pesign-0.112-27.0.2.el8.x86_64                                                
DEBUG util.py:503:    zlib-devel-1.2.11-25.el8.x86_64                                               
DEBUG util.py:503:  Complete!
DEBUG util.py:645:  Child return code was: 0
DEBUG util.py:664:  child environment: None
DEBUG util.py:590:  Executing command: rpm -qa --root '/var/lib/mock/rhel8-x86_64-u9-ol8_package.pipeline-13524/root' --qf '%{nevra} %{buildtime} %{size} %{pkgid} installed\n' > result/x86_64/installed_pkgs.log with env {'TERM': 'vt100', 'SHELL': '/bin/bash', 'HOME': '/builddir', 'HOSTNAME': 'mock', 'PATH': '/usr/bin:/bin:/usr/sbin:/sbin', 'PROMPT_COMMAND': 'printf "\\033]0;<mock-chroot>\\007"', 'PS1': '<mock-chroot> \\s-\\v\\$ ', 'LANG': 'en_US.UTF-8'} and shell True
DEBUG util.py:645:  Child return code was: 0
DEBUG util.py:664:  child environment: None
DEBUG util.py:336:  Unsharing. Flags: 134217728
DEBUG backend.py:530:  Copying packages to result dir
DEBUG util.py:239:  kill orphans
DEBUG util.py:664:  child environment: None
DEBUG util.py:590:  Executing command: ['/bin/umount', '-n', '/var/lib/mock/rhel8-x86_64-u9-ol8_package.pipeline-13524/root/var/cache/yum/'] with env {'TERM': 'vt100', 'SHELL': '/bin/sh', 'HOME': '/builddir', 'HOSTNAME': 'mock', 'PATH': '/usr/bin:/bin:/usr/sbin:/sbin', 'LANG': 'en_US.UTF-8'} and shell False
DEBUG util.py:645:  Child return code was: 0
DEBUG util.py:664:  child environment: None
DEBUG util.py:590:  Executing command: ['/bin/umount', '-n', '-l', '/var/lib/mock/rhel8-x86_64-u9-ol8_package.pipeline-13524/root/dev/pts'] with env {'TERM': 'vt100', 'SHELL': '/bin/sh', 'HOME': '/builddir', 'HOSTNAME': 'mock', 'PATH': '/usr/bin:/bin:/usr/sbin:/sbin', 'LANG': 'en_US.UTF-8'} and shell False
DEBUG util.py:645:  Child return code was: 0
DEBUG util.py:664:  child environment: None
DEBUG util.py:590:  Executing command: ['/bin/umount', '-n', '-l', '/var/lib/mock/rhel8-x86_64-u9-ol8_package.pipeline-13524/root/dev/shm'] with env {'TERM': 'vt100', 'SHELL': '/bin/sh', 'HOME': '/builddir', 'HOSTNAME': 'mock', 'PATH': '/usr/bin:/bin:/usr/sbin:/sbin', 'LANG': 'en_US.UTF-8'} and shell False
DEBUG util.py:645:  Child return code was: 0
DEBUG util.py:664:  child environment: None
DEBUG util.py:590:  Executing command: ['/bin/umount', '-n', '-l', '/var/lib/mock/rhel8-x86_64-u9-ol8_package.pipeline-13524/root/sys'] with env {'TERM': 'vt100', 'SHELL': '/bin/sh', 'HOME': '/builddir', 'HOSTNAME': 'mock', 'PATH': '/usr/bin:/bin:/usr/sbin:/sbin', 'LANG': 'en_US.UTF-8'} and shell False
DEBUG util.py:645:  Child return code was: 0
DEBUG util.py:664:  child environment: None
DEBUG util.py:590:  Executing command: ['/bin/umount', '-n', '-l', '/var/lib/mock/rhel8-x86_64-u9-ol8_package.pipeline-13524/root/proc'] with env {'TERM': 'vt100', 'SHELL': '/bin/sh', 'HOME': '/builddir', 'HOSTNAME': 'mock', 'PATH': '/usr/bin:/bin:/usr/sbin:/sbin', 'LANG': 'en_US.UTF-8'} and shell False
DEBUG util.py:645:  Child return code was: 0
DEBUG util.py:664:  child environment: None
DEBUG util.py:590:  Executing command: ['btrfs', 'subv', 'list', '/var/lib/mock'] with env {'TERM': 'vt100', 'SHELL': '/bin/sh', 'HOME': '/builddir', 'HOSTNAME': 'mock', 'PATH': '/usr/bin:/bin:/usr/sbin:/sbin', 'LANG': 'en_US.UTF-8'} and shell False
DEBUG util.py:501:  BUILDSTDERR: ERROR: not a btrfs filesystem: /var/lib/mock
DEBUG util.py:501:  BUILDSTDERR: ERROR: can't access '/var/lib/mock'
DEBUG util.py:645:  Child return code was: 1
DEBUG util.py:1407:  Please ignore the error above above about btrfs.
